# JRE version: OpenJDK Runtime Environment (21.0.8) (build 21.0.8+-14196175-b1038.72)
# Java VM: OpenJDK 64-Bit Server VM (21.0.8+-14196175-b1038.72, mixed mode, tiered, compressed oops, compressed class ptrs, g1 gc, windows-amd64)
GC Precious Log:
 CardTable entry size: 512
 Card Set container configuration: InlinePtr #cards 5 size 8 Array Of Cards #cards 12 size 40 Howl #buckets 4 coarsen threshold 1843 Howl Bitmap #cards 512 size 80 coarsen threshold 460 Card regions per heap region 1 cards per card region 2048
 CPUs: 12 total, 12 available
 Memory: 15681M
 Large Page Support: Disabled
 NUMA Support: Disabled
 Compressed Oops: Enabled (32-bit)
 Heap Region Size: 1M
 Heap Min Capacity: 8M
 Heap Initial Capacity: 246M
 Heap Max Capacity: 2G
 Pre-touch: Disabled
 Parallel Workers: 10
 Concurrent Workers: 3
 Concurrent Refinement Workers: 10
 Periodic GC: Disabled
Heap:
 garbage-first heap   total 334848K, used 307702K [0x0000000080000000, 0x0000000100000000)
  region size 1024K, 74 young (75776K), 7 survivors (7168K)
 Metaspace       used 168612K, committed 171200K, reserved 1245184K
  class space    used 24062K, committed 25344K, reserved 1048576K
GC Heap History (20 events):
Event: 409.247 GC heap after
{Heap after GC invocations=50 (full 0):
 garbage-first heap   total 279552K, used 152374K [0x0000000080000000, 0x0000000100000000)
  region size 1024K, 16 young (16384K), 16 survivors (16384K)
 Metaspace       used 118735K, committed 121088K, reserved 1179648K
  class space    used 16804K, committed 17984K, reserved 1048576K
}
Event: 412.625 GC heap before
{Heap before GC invocations=50 (full 0):
 garbage-first heap   total 279552K, used 251702K [0x0000000080000000, 0x0000000100000000)
  region size 1024K, 109 young (111616K), 16 survivors (16384K)
 Metaspace       used 125298K, committed 127744K, reserved 1179648K
  class space    used 17571K, committed 18752K, reserved 1048576K
}
Event: 412.645 GC heap after
{Heap after GC invocations=51 (full 0):
 garbage-first heap   total 285696K, used 162131K [0x0000000080000000, 0x0000000100000000)
  region size 1024K, 12 young (12288K), 12 survivors (12288K)
 Metaspace       used 125298K, committed 127744K, reserved 1179648K
  class space    used 17571K, committed 18752K, reserved 1048576K
}
Event: 422.458 GC heap before
{Heap before GC invocations=51 (full 0):
 garbage-first heap   total 285696K, used 228691K [0x0000000080000000, 0x0000000100000000)
  region size 1024K, 79 young (80896K), 12 survivors (12288K)
 Metaspace       used 128697K, committed 131200K, reserved 1179648K
  class space    used 18045K, committed 19264K, reserved 1048576K
}
Event: 422.469 GC heap after
{Heap after GC invocations=52 (full 0):
 garbage-first heap   total 285696K, used 167542K [0x0000000080000000, 0x0000000100000000)
  region size 1024K, 9 young (9216K), 9 survivors (9216K)
 Metaspace       used 128697K, committed 131200K, reserved 1179648K
  class space    used 18045K, committed 19264K, reserved 1048576K
}
Event: 423.898 GC heap before
{Heap before GC invocations=53 (full 0):
 garbage-first heap   total 285696K, used 265846K [0x0000000080000000, 0x0000000100000000)
  region size 1024K, 98 young (100352K), 9 survivors (9216K)
 Metaspace       used 137286K, committed 139840K, reserved 1179648K
  class space    used 19102K, committed 20352K, reserved 1048576K
}
Event: 423.905 GC heap after
{Heap after GC invocations=54 (full 0):
 garbage-first heap   total 285696K, used 171396K [0x0000000080000000, 0x0000000100000000)
  region size 1024K, 4 young (4096K), 4 survivors (4096K)
 Metaspace       used 137286K, committed 139840K, reserved 1179648K
  class space    used 19102K, committed 20352K, reserved 1048576K
}
Event: 424.710 GC heap before
{Heap before GC invocations=54 (full 0):
 garbage-first heap   total 285696K, used 261508K [0x0000000080000000, 0x0000000100000000)
  region size 1024K, 93 young (95232K), 4 survivors (4096K)
 Metaspace       used 146410K, committed 148928K, reserved 1179648K
  class space    used 20571K, committed 21824K, reserved 1048576K
}
Event: 424.724 GC heap after
{Heap after GC invocations=55 (full 0):
 garbage-first heap   total 285696K, used 163597K [0x0000000080000000, 0x0000000100000000)
  region size 1024K, 11 young (11264K), 11 survivors (11264K)
 Metaspace       used 146410K, committed 148928K, reserved 1179648K
  class space    used 20571K, committed 21824K, reserved 1048576K
}
Event: 425.169 GC heap before
{Heap before GC invocations=55 (full 0):
 garbage-first heap   total 285696K, used 256781K [0x0000000080000000, 0x0000000100000000)
  region size 1024K, 103 young (105472K), 11 survivors (11264K)
 Metaspace       used 156136K, committed 158720K, reserved 1245184K
  class space    used 22404K, committed 23680K, reserved 1048576K
}
Event: 425.177 GC heap after
{Heap after GC invocations=56 (full 0):
 garbage-first heap   total 285696K, used 166212K [0x0000000080000000, 0x0000000100000000)
  region size 1024K, 4 young (4096K), 4 survivors (4096K)
 Metaspace       used 156136K, committed 158720K, reserved 1245184K
  class space    used 22404K, committed 23680K, reserved 1048576K
}
Event: 425.931 GC heap before
{Heap before GC invocations=57 (full 0):
 garbage-first heap   total 285696K, used 263492K [0x0000000080000000, 0x0000000100000000)
  region size 1024K, 98 young (100352K), 4 survivors (4096K)
 Metaspace       used 161880K, committed 164544K, reserved 1245184K
  class space    used 23343K, committed 24640K, reserved 1048576K
}
Event: 425.936 GC heap after
{Heap after GC invocations=58 (full 0):
 garbage-first heap   total 285696K, used 167152K [0x0000000080000000, 0x0000000100000000)
  region size 1024K, 5 young (5120K), 5 survivors (5120K)
 Metaspace       used 161880K, committed 164544K, reserved 1245184K
  class space    used 23343K, committed 24640K, reserved 1048576K
}
Event: 832.537 GC heap before
{Heap before GC invocations=58 (full 0):
 garbage-first heap   total 285696K, used 282864K [0x0000000080000000, 0x0000000100000000)
  region size 1024K, 79 young (80896K), 5 survivors (5120K)
 Metaspace       used 162514K, committed 165248K, reserved 1245184K
  class space    used 23425K, committed 24768K, reserved 1048576K
}
Event: 832.555 GC heap after
{Heap after GC invocations=59 (full 0):
 garbage-first heap   total 295936K, used 166599K [0x0000000080000000, 0x0000000100000000)
  region size 1024K, 7 young (7168K), 7 survivors (7168K)
 Metaspace       used 162514K, committed 165248K, reserved 1245184K
  class space    used 23425K, committed 24768K, reserved 1048576K
}
Event: 833.386 GC heap before
{Heap before GC invocations=59 (full 0):
 garbage-first heap   total 295936K, used 234183K [0x0000000080000000, 0x0000000100000000)
  region size 1024K, 74 young (75776K), 7 survivors (7168K)
 Metaspace       used 162971K, committed 165632K, reserved 1245184K
  class space    used 23449K, committed 24768K, reserved 1048576K
}
Event: 833.401 GC heap after
{Heap after GC invocations=60 (full 0):
 garbage-first heap   total 295936K, used 175286K [0x0000000080000000, 0x0000000100000000)
  region size 1024K, 14 young (14336K), 14 survivors (14336K)
 Metaspace       used 162971K, committed 165632K, reserved 1245184K
  class space    used 23449K, committed 24768K, reserved 1048576K
}
Event: 834.611 GC heap before
{Heap before GC invocations=61 (full 0):
 garbage-first heap   total 299008K, used 266422K [0x0000000080000000, 0x0000000100000000)
  region size 1024K, 101 young (103424K), 14 survivors (14336K)
 Metaspace       used 166488K, committed 169088K, reserved 1245184K
  class space    used 23867K, committed 25152K, reserved 1048576K
}
Event: 834.650 GC heap after
{Heap after GC invocations=62 (full 0):
 garbage-first heap   total 319488K, used 211446K [0x0000000080000000, 0x0000000100000000)
  region size 1024K, 13 young (13312K), 13 survivors (13312K)
 Metaspace       used 166488K, committed 169088K, reserved 1245184K
  class space    used 23867K, committed 25152K, reserved 1048576K
}
Event: 835.201 GC heap before
{Heap before GC invocations=62 (full 0):
 garbage-first heap   total 319488K, used 306678K [0x0000000080000000, 0x0000000100000000)
  region size 1024K, 80 young (81920K), 13 survivors (13312K)
 Metaspace       used 168612K, committed 171200K, reserved 1245184K
  class space    used 24062K, committed 25344K, reserved 1048576K
}

