# JRE version: OpenJDK Runtime Environment (21.0.8) (build 21.0.8+-14196175-b1038.72)
# Java VM: OpenJDK 64-Bit Server VM (21.0.8+-14196175-b1038.72, mixed mode, tiered, compressed oops, compressed class ptrs, g1 gc, windows-amd64)
GC Precious Log:
 CardTable entry size: 512
 Card Set container configuration: InlinePtr #cards 5 size 8 Array Of Cards #cards 12 size 40 Howl #buckets 4 coarsen threshold 1843 Howl Bitmap #cards 512 size 80 coarsen threshold 460 Card regions per heap region 1 cards per card region 2048
 CPUs: 12 total, 12 available
 Memory: 15681M
 Large Page Support: Disabled
 NUMA Support: Disabled
 Compressed Oops: Enabled (32-bit)
 Heap Region Size: 1M
 Heap Min Capacity: 8M
 Heap Initial Capacity: 246M
 Heap Max Capacity: 2G
 Pre-touch: Disabled
 Parallel Workers: 10
 Concurrent Workers: 3
 Concurrent Refinement Workers: 10
 Periodic GC: Disabled
Heap:
 garbage-first heap   total 300032K, used 239066K [0x0000000080000000, 0x0000000100000000)
  region size 1024K, 7 young (7168K), 3 survivors (3072K)
 Metaspace       used 117946K, committed 120256K, reserved 1179648K
  class space    used 16677K, committed 17792K, reserved 1048576K
GC Heap History (20 events):
Event: 13.279 GC heap before
{Heap before GC invocations=42 (full 0):
 garbage-first heap   total 168960K, used 152286K [0x0000000080000000, 0x0000000100000000)
  region size 1024K, 45 young (46080K), 7 survivors (7168K)
 Metaspace       used 112012K, committed 114368K, reserved 1179648K
  class space    used 16002K, committed 17152K, reserved 1048576K
}
Event: 13.285 GC heap after
{Heap after GC invocations=43 (full 0):
 garbage-first heap   total 202752K, used 116250K [0x0000000080000000, 0x0000000100000000)
  region size 1024K, 4 young (4096K), 4 survivors (4096K)
 Metaspace       used 112012K, committed 114368K, reserved 1179648K
  class space    used 16002K, committed 17152K, reserved 1048576K
}
Event: 13.763 GC heap before
{Heap before GC invocations=44 (full 0):
 garbage-first heap   total 202752K, used 182810K [0x0000000080000000, 0x0000000100000000)
  region size 1024K, 70 young (71680K), 4 survivors (4096K)
 Metaspace       used 112320K, committed 114688K, reserved 1179648K
  class space    used 16019K, committed 17152K, reserved 1048576K
}
Event: 13.770 GC heap after
{Heap after GC invocations=45 (full 0):
 garbage-first heap   total 202752K, used 121367K [0x0000000080000000, 0x0000000100000000)
  region size 1024K, 9 young (9216K), 9 survivors (9216K)
 Metaspace       used 112320K, committed 114688K, reserved 1179648K
  class space    used 16019K, committed 17152K, reserved 1048576K
}
Event: 14.050 GC heap before
{Heap before GC invocations=45 (full 0):
 garbage-first heap   total 202752K, used 181783K [0x0000000080000000, 0x0000000100000000)
  region size 1024K, 68 young (69632K), 9 survivors (9216K)
 Metaspace       used 112809K, committed 115200K, reserved 1179648K
  class space    used 16119K, committed 17280K, reserved 1048576K
}
Event: 14.059 GC heap after
{Heap after GC invocations=46 (full 0):
 garbage-first heap   total 202752K, used 123182K [0x0000000080000000, 0x0000000100000000)
  region size 1024K, 6 young (6144K), 6 survivors (6144K)
 Metaspace       used 112809K, committed 115200K, reserved 1179648K
  class space    used 16119K, committed 17280K, reserved 1048576K
}
Event: 14.536 GC heap before
{Heap before GC invocations=46 (full 0):
 garbage-first heap   total 202752K, used 183598K [0x0000000080000000, 0x0000000100000000)
  region size 1024K, 66 young (67584K), 6 survivors (6144K)
 Metaspace       used 113064K, committed 115392K, reserved 1179648K
  class space    used 16153K, committed 17280K, reserved 1048576K
}
Event: 14.542 GC heap after
{Heap after GC invocations=47 (full 0):
 garbage-first heap   total 202752K, used 126187K [0x0000000080000000, 0x0000000100000000)
  region size 1024K, 6 young (6144K), 6 survivors (6144K)
 Metaspace       used 113064K, committed 115392K, reserved 1179648K
  class space    used 16153K, committed 17280K, reserved 1048576K
}
Event: 14.968 GC heap before
{Heap before GC invocations=48 (full 0):
 garbage-first heap   total 211968K, used 183531K [0x0000000080000000, 0x0000000100000000)
  region size 1024K, 63 young (64512K), 6 survivors (6144K)
 Metaspace       used 113207K, committed 115584K, reserved 1179648K
  class space    used 16165K, committed 17280K, reserved 1048576K
}
Event: 14.974 GC heap after
{Heap after GC invocations=49 (full 0):
 garbage-first heap   total 211968K, used 129229K [0x0000000080000000, 0x0000000100000000)
  region size 1024K, 6 young (6144K), 6 survivors (6144K)
 Metaspace       used 113207K, committed 115584K, reserved 1179648K
  class space    used 16165K, committed 17280K, reserved 1048576K
}
Event: 15.175 GC heap before
{Heap before GC invocations=49 (full 0):
 garbage-first heap   total 211968K, used 192717K [0x0000000080000000, 0x0000000100000000)
  region size 1024K, 69 young (70656K), 6 survivors (6144K)
 Metaspace       used 113222K, committed 115584K, reserved 1179648K
  class space    used 16165K, committed 17280K, reserved 1048576K
}
Event: 15.182 GC heap after
{Heap after GC invocations=50 (full 0):
 garbage-first heap   total 211968K, used 131162K [0x0000000080000000, 0x0000000100000000)
  region size 1024K, 6 young (6144K), 6 survivors (6144K)
 Metaspace       used 113222K, committed 115584K, reserved 1179648K
  class space    used 16165K, committed 17280K, reserved 1048576K
}
Event: 15.374 GC heap before
{Heap before GC invocations=50 (full 0):
 garbage-first heap   total 211968K, used 192602K [0x0000000080000000, 0x0000000100000000)
  region size 1024K, 67 young (68608K), 6 survivors (6144K)
 Metaspace       used 113255K, committed 115648K, reserved 1179648K
  class space    used 16168K, committed 17344K, reserved 1048576K
}
Event: 15.379 GC heap after
{Heap after GC invocations=51 (full 0):
 garbage-first heap   total 254976K, used 133390K [0x0000000080000000, 0x0000000100000000)
  region size 1024K, 8 young (8192K), 8 survivors (8192K)
 Metaspace       used 113255K, committed 115648K, reserved 1179648K
  class space    used 16168K, committed 17344K, reserved 1048576K
}
Event: 15.771 GC heap before
{Heap before GC invocations=52 (full 0):
 garbage-first heap   total 254976K, used 232718K [0x0000000080000000, 0x0000000100000000)
  region size 1024K, 105 young (107520K), 8 survivors (8192K)
 Metaspace       used 113378K, committed 115776K, reserved 1179648K
  class space    used 16177K, committed 17344K, reserved 1048576K
}
Event: 15.780 GC heap after
{Heap after GC invocations=53 (full 0):
 garbage-first heap   total 254976K, used 138525K [0x0000000080000000, 0x0000000100000000)
  region size 1024K, 13 young (13312K), 13 survivors (13312K)
 Metaspace       used 113378K, committed 115776K, reserved 1179648K
  class space    used 16177K, committed 17344K, reserved 1048576K
}
Event: 16.491 GC heap before
{Heap before GC invocations=53 (full 0):
 garbage-first heap   total 281600K, used 276765K [0x0000000080000000, 0x0000000100000000)
  region size 1024K, 100 young (102400K), 13 survivors (13312K)
 Metaspace       used 117725K, committed 120064K, reserved 1179648K
  class space    used 16649K, committed 17792K, reserved 1048576K
}
Event: 16.502 GC heap after
{Heap after GC invocations=54 (full 0):
 garbage-first heap   total 300032K, used 188416K [0x0000000080000000, 0x0000000100000000)
  region size 1024K, 13 young (13312K), 13 survivors (13312K)
 Metaspace       used 117725K, committed 120064K, reserved 1179648K
  class space    used 16649K, committed 17792K, reserved 1048576K
}
Event: 16.522 GC heap before
{Heap before GC invocations=54 (full 0):
 garbage-first heap   total 300032K, used 188416K [0x0000000080000000, 0x0000000100000000)
  region size 1024K, 15 young (15360K), 13 survivors (13312K)
 Metaspace       used 117760K, committed 120128K, reserved 1179648K
  class space    used 16652K, committed 17792K, reserved 1048576K
}
Event: 16.528 GC heap after
{Heap after GC invocations=55 (full 0):
 garbage-first heap   total 300032K, used 190938K [0x0000000080000000, 0x0000000100000000)
  region size 1024K, 3 young (3072K), 3 survivors (3072K)
 Metaspace       used 117760K, committed 120128K, reserved 1179648K
  class space    used 16652K, committed 17792K, reserved 1048576K
}

