# JRE version: OpenJDK Runtime Environment (21.0.8) (build 21.0.8+-14196175-b1038.72)
# Java VM: OpenJDK 64-Bit Server VM (21.0.8+-14196175-b1038.72, mixed mode, tiered, compressed oops, compressed class ptrs, g1 gc, windows-amd64)
GC Precious Log:
 CardTable entry size: 512
 Card Set container configuration: InlinePtr #cards 5 size 8 Array Of Cards #cards 12 size 40 Howl #buckets 4 coarsen threshold 1843 Howl Bitmap #cards 512 size 80 coarsen threshold 460 Card regions per heap region 1 cards per card region 2048
 CPUs: 12 total, 12 available
 Memory: 15681M
 Large Page Support: Disabled
 NUMA Support: Disabled
 Compressed Oops: Enabled (32-bit)
 Heap Region Size: 1M
 Heap Min Capacity: 8M
 Heap Initial Capacity: 246M
 Heap Max Capacity: 2G
 Pre-touch: Disabled
 Parallel Workers: 10
 Concurrent Workers: 3
 Concurrent Refinement Workers: 10
 Periodic GC: Disabled
Heap:
 garbage-first heap   total 401408K, used 235424K [0x0000000080000000, 0x0000000100000000)
  region size 1024K, 68 young (69632K), 7 survivors (7168K)
 Metaspace       used 159999K, committed 162624K, reserved 1245184K
  class space    used 23001K, committed 24256K, reserved 1048576K
GC Heap History (20 events):
Event: 41.402 GC heap before
{Heap before GC invocations=52 (full 0):
 garbage-first heap   total 261120K, used 242529K [0x0000000080000000, 0x0000000100000000)
  region size 1024K, 104 young (106496K), 6 survivors (6144K)
 Metaspace       used 121781K, committed 124224K, reserved 1179648K
  class space    used 17183K, committed 18368K, reserved 1048576K
}
Event: 41.412 GC heap after
{Heap after GC invocations=53 (full 0):
 garbage-first heap   total 261120K, used 145145K [0x0000000080000000, 0x0000000100000000)
  region size 1024K, 13 young (13312K), 13 survivors (13312K)
 Metaspace       used 121781K, committed 124224K, reserved 1179648K
  class space    used 17183K, committed 18368K, reserved 1048576K
}
Event: 53.671 GC heap before
{Heap before GC invocations=53 (full 0):
 garbage-first heap   total 261120K, used 233209K [0x0000000080000000, 0x0000000100000000)
  region size 1024K, 98 young (100352K), 13 survivors (13312K)
 Metaspace       used 126915K, committed 129344K, reserved 1179648K
  class space    used 17898K, committed 19072K, reserved 1048576K
}
Event: 53.683 GC heap after
{Heap after GC invocations=54 (full 0):
 garbage-first heap   total 261120K, used 147919K [0x0000000080000000, 0x0000000100000000)
  region size 1024K, 8 young (8192K), 8 survivors (8192K)
 Metaspace       used 126915K, committed 129344K, reserved 1179648K
  class space    used 17898K, committed 19072K, reserved 1048576K
}
Event: 53.828 GC heap before
{Heap before GC invocations=54 (full 0):
 garbage-first heap   total 261120K, used 161231K [0x0000000080000000, 0x0000000100000000)
  region size 1024K, 22 young (22528K), 8 survivors (8192K)
 Metaspace       used 129888K, committed 132352K, reserved 1179648K
  class space    used 18269K, committed 19456K, reserved 1048576K
}
Event: 53.832 GC heap after
{Heap after GC invocations=55 (full 0):
 garbage-first heap   total 261120K, used 147998K [0x0000000080000000, 0x0000000100000000)
  region size 1024K, 8 young (8192K), 8 survivors (8192K)
 Metaspace       used 129888K, committed 132352K, reserved 1179648K
  class space    used 18269K, committed 19456K, reserved 1048576K
}
Event: 55.194 GC heap before
{Heap before GC invocations=56 (full 0):
 garbage-first heap   total 261120K, used 240158K [0x0000000080000000, 0x0000000100000000)
  region size 1024K, 95 young (97280K), 8 survivors (8192K)
 Metaspace       used 133816K, committed 136320K, reserved 1179648K
  class space    used 18679K, committed 19904K, reserved 1048576K
}
Event: 55.207 GC heap after
{Heap after GC invocations=57 (full 0):
 garbage-first heap   total 261120K, used 158317K [0x0000000080000000, 0x0000000100000000)
  region size 1024K, 10 young (10240K), 10 survivors (10240K)
 Metaspace       used 133816K, committed 136320K, reserved 1179648K
  class space    used 18679K, committed 19904K, reserved 1048576K
}
Event: 55.951 GC heap before
{Heap before GC invocations=57 (full 0):
 garbage-first heap   total 261120K, used 236141K [0x0000000080000000, 0x0000000100000000)
  region size 1024K, 85 young (87040K), 10 survivors (10240K)
 Metaspace       used 139447K, committed 141952K, reserved 1179648K
  class space    used 19623K, committed 20864K, reserved 1048576K
}
Event: 55.965 GC heap after
{Heap after GC invocations=58 (full 0):
 garbage-first heap   total 261120K, used 160764K [0x0000000080000000, 0x0000000100000000)
  region size 1024K, 8 young (8192K), 8 survivors (8192K)
 Metaspace       used 139447K, committed 141952K, reserved 1179648K
  class space    used 19623K, committed 20864K, reserved 1048576K
}
Event: 56.517 GC heap before
{Heap before GC invocations=58 (full 0):
 garbage-first heap   total 261120K, used 236540K [0x0000000080000000, 0x0000000100000000)
  region size 1024K, 83 young (84992K), 8 survivors (8192K)
 Metaspace       used 147888K, committed 150528K, reserved 1179648K
  class space    used 21203K, committed 22464K, reserved 1048576K
}
Event: 56.530 GC heap after
{Heap after GC invocations=59 (full 0):
 garbage-first heap   total 261120K, used 169572K [0x0000000080000000, 0x0000000100000000)
  region size 1024K, 9 young (9216K), 9 survivors (9216K)
 Metaspace       used 147888K, committed 150528K, reserved 1179648K
  class space    used 21203K, committed 22464K, reserved 1048576K
}
Event: 56.957 GC heap before
{Heap before GC invocations=60 (full 0):
 garbage-first heap   total 283648K, used 235108K [0x0000000080000000, 0x0000000100000000)
  region size 1024K, 74 young (75776K), 9 survivors (9216K)
 Metaspace       used 152915K, committed 155456K, reserved 1245184K
  class space    used 22031K, committed 23232K, reserved 1048576K
}
Event: 56.965 GC heap after
{Heap after GC invocations=61 (full 0):
 garbage-first heap   total 283648K, used 170945K [0x0000000080000000, 0x0000000100000000)
  region size 1024K, 2 young (2048K), 2 survivors (2048K)
 Metaspace       used 152915K, committed 155456K, reserved 1245184K
  class space    used 22031K, committed 23232K, reserved 1048576K
}
Event: 57.320 GC heap before
{Heap before GC invocations=61 (full 0):
 garbage-first heap   total 283648K, used 261057K [0x0000000080000000, 0x0000000100000000)
  region size 1024K, 90 young (92160K), 2 survivors (2048K)
 Metaspace       used 156197K, committed 158848K, reserved 1245184K
  class space    used 22557K, committed 23808K, reserved 1048576K
}
Event: 57.327 GC heap after
{Heap after GC invocations=62 (full 0):
 garbage-first heap   total 283648K, used 169712K [0x0000000080000000, 0x0000000100000000)
  region size 1024K, 3 young (3072K), 3 survivors (3072K)
 Metaspace       used 156197K, committed 158848K, reserved 1245184K
  class space    used 22557K, committed 23808K, reserved 1048576K
}
Event: 57.983 GC heap before
{Heap before GC invocations=62 (full 0):
 garbage-first heap   total 283648K, used 211696K [0x0000000080000000, 0x0000000100000000)
  region size 1024K, 46 young (47104K), 3 survivors (3072K)
 Metaspace       used 158152K, committed 160704K, reserved 1245184K
  class space    used 22780K, committed 24000K, reserved 1048576K
}
Event: 57.991 GC heap after
{Heap after GC invocations=63 (full 0):
 garbage-first heap   total 283648K, used 170310K [0x0000000080000000, 0x0000000100000000)
  region size 1024K, 4 young (4096K), 4 survivors (4096K)
 Metaspace       used 158152K, committed 160704K, reserved 1245184K
  class space    used 22780K, committed 24000K, reserved 1048576K
}
Event: 83.082 GC heap before
{Heap before GC invocations=64 (full 0):
 garbage-first heap   total 401408K, used 363846K [0x0000000080000000, 0x0000000100000000)
  region size 1024K, 89 young (91136K), 4 survivors (4096K)
 Metaspace       used 159668K, committed 162240K, reserved 1245184K
  class space    used 22997K, committed 24256K, reserved 1048576K
}
Event: 83.092 GC heap after
{Heap after GC invocations=65 (full 0):
 garbage-first heap   total 401408K, used 173984K [0x0000000080000000, 0x0000000100000000)
  region size 1024K, 7 young (7168K), 7 survivors (7168K)
 Metaspace       used 159668K, committed 162240K, reserved 1245184K
  class space    used 22997K, committed 24256K, reserved 1048576K
}

