# JRE version: Java(TM) SE Runtime Environment (25.0.1+8) (build 25.0.1+8-LTS-27)
# Java VM: Java HotSpot(TM) 64-Bit Server VM (25.0.1+8-LTS-27, mixed mode, sharing, tiered, compressed oops, compressed class ptrs, g1 gc, windows-amd64)
GC Precious Log:
 CardTable entry size: 512
 Card Set container configuration: InlinePtr #cards 5 size 8 Array Of Cards #cards 10 size 36 Howl #buckets 4 coarsen threshold 1843 Howl Bitmap #cards 512 size 80 coarsen threshold 460 Card regions per heap region 1 cards per card region 2048
 CPUs: 12 total, 12 available
 Memory: 15681M
 Large Page Support: Disabled
 NUMA Support: Disabled
 Compressed Oops: Enabled (32-bit)
 Heap Region Size: 1M
 Heap Min Capacity: 8M
 Heap Initial Capacity: 246M
 Heap Max Capacity: 2G
 Pre-touch: Disabled
 Parallel Workers: 10
 Concurrent Workers: 3
 Concurrent Refinement Workers: 10
 Periodic GC: Disabled
Heap:
 garbage-first heap   total reserved 2097152K, committed 101376K, used 54391K [0x0000000080000000, 0x0000000100000000)
  region size 1024K, 17 young (17408K), 2 survivors (2048K)
GC Heap Usage History (20 events):
Event: 0.946 {heap Before GC invocations=0 (full 0):
 garbage-first heap   total reserved 2097152K, committed 253952K, used 52373K [0x0000000080000000, 0x0000000100000000)
  region size 1024K, 47 young (48128K), 0 survivors (0K)
}
Event: 0.951 {heap After GC invocations=1 (full 0):
 garbage-first heap   total reserved 2097152K, committed 253952K, used 11213K [0x0000000080000000, 0x0000000100000000)
  region size 1024K, 6 young (6144K), 6 survivors (6144K)
}
Event: 2.761 {heap Before GC invocations=1 (full 0):
 garbage-first heap   total reserved 2097152K, committed 253952K, used 117709K [0x0000000080000000, 0x0000000100000000)
  region size 1024K, 108 young (110592K), 6 survivors (6144K)
}
Event: 2.770 {heap After GC invocations=2 (full 0):
 garbage-first heap   total reserved 2097152K, committed 253952K, used 21185K [0x0000000080000000, 0x0000000100000000)
  region size 1024K, 14 young (14336K), 14 survivors (14336K)
}
Event: 3.470 {heap Before GC invocations=2 (full 0):
 garbage-first heap   total reserved 2097152K, committed 253952K, used 62145K [0x0000000080000000, 0x0000000100000000)
  region size 1024K, 54 young (55296K), 14 survivors (14336K)
}
Event: 3.482 {heap After GC invocations=3 (full 0):
 garbage-first heap   total reserved 2097152K, committed 253952K, used 23916K [0x0000000080000000, 0x0000000100000000)
  region size 1024K, 11 young (11264K), 11 survivors (11264K)
}
Event: 4.546 {heap Before GC invocations=4 (full 0):
 garbage-first heap   total reserved 2097152K, committed 86016K, used 83308K [0x0000000080000000, 0x0000000100000000)
  region size 1024K, 70 young (71680K), 11 survivors (11264K)
}
Event: 4.555 {heap After GC invocations=5 (full 0):
 garbage-first heap   total reserved 2097152K, committed 101376K, used 27339K [0x0000000080000000, 0x0000000100000000)
  region size 1024K, 6 young (6144K), 6 survivors (6144K)
}
Event: 5.189 {heap Before GC invocations=5 (full 0):
 garbage-first heap   total reserved 2097152K, committed 101376K, used 73419K [0x0000000080000000, 0x0000000100000000)
  region size 1024K, 52 young (53248K), 6 survivors (6144K)
}
Event: 5.196 {heap After GC invocations=6 (full 0):
 garbage-first heap   total reserved 2097152K, committed 101376K, used 29529K [0x0000000080000000, 0x0000000100000000)
  region size 1024K, 6 young (6144K), 6 survivors (6144K)
}
Event: 5.413 {heap Before GC invocations=6 (full 0):
 garbage-first heap   total reserved 2097152K, committed 101376K, used 39769K [0x0000000080000000, 0x0000000100000000)
  region size 1024K, 17 young (17408K), 6 survivors (6144K)
}
Event: 5.419 {heap After GC invocations=7 (full 0):
 garbage-first heap   total reserved 2097152K, committed 101376K, used 31304K [0x0000000080000000, 0x0000000100000000)
  region size 1024K, 4 young (4096K), 4 survivors (4096K)
}
Event: 6.062 {heap Before GC invocations=8 (full 0):
 garbage-first heap   total reserved 2097152K, committed 101376K, used 80456K [0x0000000080000000, 0x0000000100000000)
  region size 1024K, 53 young (54272K), 4 survivors (4096K)
}
Event: 6.068 {heap After GC invocations=9 (full 0):
 garbage-first heap   total reserved 2097152K, committed 101376K, used 33421K [0x0000000080000000, 0x0000000100000000)
  region size 1024K, 6 young (6144K), 6 survivors (6144K)
}
Event: 7.128 {heap Before GC invocations=9 (full 0):
 garbage-first heap   total reserved 2097152K, committed 101376K, used 84621K [0x0000000080000000, 0x0000000100000000)
  region size 1024K, 56 young (57344K), 6 survivors (6144K)
}
Event: 7.133 {heap After GC invocations=10 (full 0):
 garbage-first heap   total reserved 2097152K, committed 101376K, used 34344K [0x0000000080000000, 0x0000000100000000)
  region size 1024K, 6 young (6144K), 6 survivors (6144K)
}
Event: 8.045 {heap Before GC invocations=10 (full 0):
 garbage-first heap   total reserved 2097152K, committed 101376K, used 86568K [0x0000000080000000, 0x0000000100000000)
  region size 1024K, 57 young (58368K), 6 survivors (6144K)
}
Event: 8.051 {heap After GC invocations=11 (full 0):
 garbage-first heap   total reserved 2097152K, committed 101376K, used 38272K [0x0000000080000000, 0x0000000100000000)
  region size 1024K, 8 young (8192K), 8 survivors (8192K)
}
Event: 11.265 {heap Before GC invocations=11 (full 0):
 garbage-first heap   total reserved 2097152K, committed 101376K, used 84352K [0x0000000080000000, 0x0000000100000000)
  region size 1024K, 54 young (55296K), 8 survivors (8192K)
}
Event: 11.274 {heap After GC invocations=12 (full 0):
 garbage-first heap   total reserved 2097152K, committed 101376K, used 40055K [0x0000000080000000, 0x0000000100000000)
  region size 1024K, 2 young (2048K), 2 survivors (2048K)
}

