# JRE version: OpenJDK Runtime Environment (21.0.8) (build 21.0.8+-14196175-b1038.72)
# Java VM: OpenJDK 64-Bit Server VM (21.0.8+-14196175-b1038.72, mixed mode, tiered, compressed oops, compressed class ptrs, g1 gc, windows-amd64)
GC Precious Log:
 CardTable entry size: 512
 Card Set container configuration: InlinePtr #cards 5 size 8 Array Of Cards #cards 12 size 40 Howl #buckets 4 coarsen threshold 1843 Howl Bitmap #cards 512 size 80 coarsen threshold 460 Card regions per heap region 1 cards per card region 2048
 CPUs: 12 total, 12 available
 Memory: 15681M
 Large Page Support: Disabled
 NUMA Support: Disabled
 Compressed Oops: Enabled (32-bit)
 Heap Region Size: 1M
 Heap Min Capacity: 8M
 Heap Initial Capacity: 246M
 Heap Max Capacity: 2G
 Pre-touch: Disabled
 Parallel Workers: 10
 Concurrent Workers: 3
 Concurrent Refinement Workers: 10
 Periodic GC: Disabled
Heap:
 garbage-first heap   total 393216K, used 337894K [0x0000000080000000, 0x0000000100000000)
  region size 1024K, 97 young (99328K), 12 survivors (12288K)
 Metaspace       used 161701K, committed 164352K, reserved 1245184K
  class space    used 23335K, committed 24640K, reserved 1048576K
GC Heap History (20 events):
Event: 15.511 GC heap before
{Heap before GC invocations=46 (full 0):
 garbage-first heap   total 256000K, used 233414K [0x0000000080000000, 0x0000000100000000)
  region size 1024K, 90 young (92160K), 12 survivors (12288K)
 Metaspace       used 129984K, committed 132416K, reserved 1179648K
  class space    used 18294K, committed 19456K, reserved 1048576K
}
Event: 15.528 GC heap after
{Heap after GC invocations=47 (full 0):
 garbage-first heap   total 263168K, used 164024K [0x0000000080000000, 0x0000000100000000)
  region size 1024K, 12 young (12288K), 12 survivors (12288K)
 Metaspace       used 129984K, committed 132416K, reserved 1179648K
  class space    used 18294K, committed 19456K, reserved 1048576K
}
Event: 15.582 GC heap before
{Heap before GC invocations=47 (full 0):
 garbage-first heap   total 263168K, used 166072K [0x0000000080000000, 0x0000000100000000)
  region size 1024K, 15 young (15360K), 12 survivors (12288K)
 Metaspace       used 130698K, committed 133248K, reserved 1179648K
  class space    used 18380K, committed 19648K, reserved 1048576K
}
Event: 15.587 GC heap after
{Heap after GC invocations=48 (full 0):
 garbage-first heap   total 263168K, used 167154K [0x0000000080000000, 0x0000000100000000)
  region size 1024K, 2 young (2048K), 2 survivors (2048K)
 Metaspace       used 130698K, committed 133248K, reserved 1179648K
  class space    used 18380K, committed 19648K, reserved 1048576K
}
Event: 16.530 GC heap before
{Heap before GC invocations=49 (full 0):
 garbage-first heap   total 283648K, used 238834K [0x0000000080000000, 0x0000000100000000)
  region size 1024K, 71 young (72704K), 2 survivors (2048K)
 Metaspace       used 133455K, committed 136000K, reserved 1179648K
  class space    used 18642K, committed 19904K, reserved 1048576K
}
Event: 16.538 GC heap after
{Heap after GC invocations=50 (full 0):
 garbage-first heap   total 283648K, used 172125K [0x0000000080000000, 0x0000000100000000)
  region size 1024K, 7 young (7168K), 7 survivors (7168K)
 Metaspace       used 133455K, committed 136000K, reserved 1179648K
  class space    used 18642K, committed 19904K, reserved 1048576K
}
Event: 16.982 GC heap before
{Heap before GC invocations=50 (full 0):
 garbage-first heap   total 283648K, used 257117K [0x0000000080000000, 0x0000000100000000)
  region size 1024K, 89 young (91136K), 7 survivors (7168K)
 Metaspace       used 138576K, committed 141184K, reserved 1179648K
  class space    used 19489K, committed 20736K, reserved 1048576K
}
Event: 16.991 GC heap after
{Heap after GC invocations=51 (full 0):
 garbage-first heap   total 283648K, used 176470K [0x0000000080000000, 0x0000000100000000)
  region size 1024K, 12 young (12288K), 12 survivors (12288K)
 Metaspace       used 138576K, committed 141184K, reserved 1179648K
  class space    used 19489K, committed 20736K, reserved 1048576K
}
Event: 17.322 GC heap before
{Heap before GC invocations=51 (full 0):
 garbage-first heap   total 283648K, used 254294K [0x0000000080000000, 0x0000000100000000)
  region size 1024K, 89 young (91136K), 12 survivors (12288K)
 Metaspace       used 147722K, committed 150272K, reserved 1179648K
  class space    used 21227K, committed 22464K, reserved 1048576K
}
Event: 17.333 GC heap after
{Heap after GC invocations=52 (full 0):
 garbage-first heap   total 283648K, used 184438K [0x0000000080000000, 0x0000000100000000)
  region size 1024K, 9 young (9216K), 9 survivors (9216K)
 Metaspace       used 147722K, committed 150272K, reserved 1179648K
  class space    used 21227K, committed 22464K, reserved 1048576K
}
Event: 17.610 GC heap before
{Heap before GC invocations=53 (full 0):
 garbage-first heap   total 309248K, used 256118K [0x0000000080000000, 0x0000000100000000)
  region size 1024K, 80 young (81920K), 9 survivors (9216K)
 Metaspace       used 153330K, committed 155968K, reserved 1245184K
  class space    used 22131K, committed 23424K, reserved 1048576K
}
Event: 17.616 GC heap after
{Heap after GC invocations=54 (full 0):
 garbage-first heap   total 309248K, used 186165K [0x0000000080000000, 0x0000000100000000)
  region size 1024K, 3 young (3072K), 3 survivors (3072K)
 Metaspace       used 153330K, committed 155968K, reserved 1245184K
  class space    used 22131K, committed 23424K, reserved 1048576K
}
Event: 18.131 GC heap before
{Heap before GC invocations=54 (full 0):
 garbage-first heap   total 309248K, used 284469K [0x0000000080000000, 0x0000000100000000)
  region size 1024K, 99 young (101376K), 3 survivors (3072K)
 Metaspace       used 158007K, committed 160576K, reserved 1245184K
  class space    used 22931K, committed 24192K, reserved 1048576K
}
Event: 18.141 GC heap after
{Heap after GC invocations=55 (full 0):
 garbage-first heap   total 371712K, used 191974K [0x0000000080000000, 0x0000000100000000)
  region size 1024K, 10 young (10240K), 10 survivors (10240K)
 Metaspace       used 158007K, committed 160576K, reserved 1245184K
  class space    used 22931K, committed 24192K, reserved 1048576K
}
Event: 18.475 GC heap before
{Heap before GC invocations=55 (full 0):
 garbage-first heap   total 371712K, used 239078K [0x0000000080000000, 0x0000000100000000)
  region size 1024K, 41 young (41984K), 10 survivors (10240K)
 Metaspace       used 160002K, committed 162560K, reserved 1245184K
  class space    used 23170K, committed 24384K, reserved 1048576K
}
Event: 18.480 GC heap after
{Heap after GC invocations=56 (full 0):
 garbage-first heap   total 371712K, used 198579K [0x0000000080000000, 0x0000000100000000)
  region size 1024K, 4 young (4096K), 4 survivors (4096K)
 Metaspace       used 160002K, committed 162560K, reserved 1245184K
  class space    used 23170K, committed 24384K, reserved 1048576K
}
Event: 18.481 GC heap before
{Heap before GC invocations=56 (full 0):
 garbage-first heap   total 371712K, used 202675K [0x0000000080000000, 0x0000000100000000)
  region size 1024K, 5 young (5120K), 4 survivors (4096K)
 Metaspace       used 160002K, committed 162560K, reserved 1245184K
  class space    used 23170K, committed 24384K, reserved 1048576K
}
Event: 18.486 GC heap after
{Heap after GC invocations=57 (full 0):
 garbage-first heap   total 371712K, used 202336K [0x0000000080000000, 0x0000000100000000)
  region size 1024K, 4 young (4096K), 4 survivors (4096K)
 Metaspace       used 160002K, committed 162560K, reserved 1245184K
  class space    used 23170K, committed 24384K, reserved 1048576K
}
Event: 685.856 GC heap before
{Heap before GC invocations=58 (full 0):
 garbage-first heap   total 393216K, used 376416K [0x0000000080000000, 0x0000000100000000)
  region size 1024K, 144 young (147456K), 4 survivors (4096K)
 Metaspace       used 161377K, committed 164096K, reserved 1245184K
  class space    used 23323K, committed 24640K, reserved 1048576K
}
Event: 685.866 GC heap after
{Heap after GC invocations=59 (full 0):
 garbage-first heap   total 393216K, used 194534K [0x0000000080000000, 0x0000000100000000)
  region size 1024K, 12 young (12288K), 12 survivors (12288K)
 Metaspace       used 161377K, committed 164096K, reserved 1245184K
  class space    used 23323K, committed 24640K, reserved 1048576K
}

