# JRE version: OpenJDK Runtime Environment (21.0.8) (build 21.0.8+-14196175-b1038.72)
# Java VM: OpenJDK 64-Bit Server VM (21.0.8+-14196175-b1038.72, mixed mode, emulated-client, tiered, compressed oops, compressed class ptrs, g1 gc, windows-amd64)
GC Precious Log:
 CardTable entry size: 512
 Card Set container configuration: InlinePtr #cards 5 size 8 Array Of Cards #cards 12 size 40 Howl #buckets 4 coarsen threshold 1843 Howl Bitmap #cards 512 size 80 coarsen threshold 460 Card regions per heap region 1 cards per card region 2048
 CPUs: 12 total, 12 available
 Memory: 15681M
 Large Page Support: Disabled
 NUMA Support: Disabled
 Compressed Oops: Enabled (32-bit)
 Heap Region Size: 1M
 Heap Min Capacity: 8M
 Heap Initial Capacity: 246M
 Heap Max Capacity: 2G
 Pre-touch: Disabled
 Parallel Workers: 10
 Concurrent Workers: 3
 Concurrent Refinement Workers: 10
 Periodic GC: Disabled
Heap:
 garbage-first heap   total 256000K, used 154549K [0x0000000080000000, 0x0000000100000000)
  region size 1024K, 7 young (7168K), 7 survivors (7168K)
 Metaspace       used 99614K, committed 101888K, reserved 1179648K
  class space    used 15081K, committed 16192K, reserved 1048576K
GC Heap History (20 events):
Event: 6.809 GC heap after
{Heap after GC invocations=23 (full 0):
 garbage-first heap   total 199680K, used 109498K [0x0000000080000000, 0x0000000100000000)
  region size 1024K, 8 young (8192K), 8 survivors (8192K)
 Metaspace       used 67865K, committed 69824K, reserved 1114112K
  class space    used 10352K, committed 11264K, reserved 1048576K
}
Event: 7.384 GC heap before
{Heap before GC invocations=24 (full 0):
 garbage-first heap   total 199680K, used 187322K [0x0000000080000000, 0x0000000100000000)
  region size 1024K, 76 young (77824K), 8 survivors (8192K)
 Metaspace       used 71906K, committed 73856K, reserved 1114112K
  class space    used 10856K, committed 11776K, reserved 1048576K
}
Event: 7.390 GC heap after
{Heap after GC invocations=25 (full 0):
 garbage-first heap   total 204800K, used 125054K [0x0000000080000000, 0x0000000100000000)
  region size 1024K, 10 young (10240K), 10 survivors (10240K)
 Metaspace       used 71906K, committed 73856K, reserved 1114112K
  class space    used 10856K, committed 11776K, reserved 1048576K
}
Event: 7.887 GC heap before
{Heap before GC invocations=25 (full 0):
 garbage-first heap   total 204800K, used 185470K [0x0000000080000000, 0x0000000100000000)
  region size 1024K, 67 young (68608K), 10 survivors (10240K)
 Metaspace       used 77421K, committed 79552K, reserved 1179648K
  class space    used 11661K, committed 12672K, reserved 1048576K
}
Event: 7.893 GC heap after
{Heap after GC invocations=26 (full 0):
 garbage-first heap   total 204800K, used 128737K [0x0000000080000000, 0x0000000100000000)
  region size 1024K, 3 young (3072K), 3 survivors (3072K)
 Metaspace       used 77421K, committed 79552K, reserved 1179648K
  class space    used 11661K, committed 12672K, reserved 1048576K
}
Event: 8.098 GC heap before
{Heap before GC invocations=26 (full 0):
 garbage-first heap   total 204800K, used 150241K [0x0000000080000000, 0x0000000100000000)
  region size 1024K, 25 young (25600K), 3 survivors (3072K)
 Metaspace       used 79791K, committed 81920K, reserved 1179648K
  class space    used 11971K, committed 12992K, reserved 1048576K
}
Event: 8.101 GC heap after
{Heap after GC invocations=27 (full 0):
 garbage-first heap   total 204800K, used 130575K [0x0000000080000000, 0x0000000100000000)
  region size 1024K, 5 young (5120K), 5 survivors (5120K)
 Metaspace       used 79791K, committed 81920K, reserved 1179648K
  class space    used 11971K, committed 12992K, reserved 1048576K
}
Event: 8.480 GC heap before
{Heap before GC invocations=28 (full 0):
 garbage-first heap   total 227328K, used 190991K [0x0000000080000000, 0x0000000100000000)
  region size 1024K, 59 young (60416K), 5 survivors (5120K)
 Metaspace       used 82767K, committed 84864K, reserved 1179648K
  class space    used 12415K, committed 13440K, reserved 1048576K
}
Event: 8.484 GC heap after
{Heap after GC invocations=29 (full 0):
 garbage-first heap   total 227328K, used 135677K [0x0000000080000000, 0x0000000100000000)
  region size 1024K, 8 young (8192K), 8 survivors (8192K)
 Metaspace       used 82767K, committed 84864K, reserved 1179648K
  class space    used 12415K, committed 13440K, reserved 1048576K
}
Event: 8.955 GC heap before
{Heap before GC invocations=29 (full 0):
 garbage-first heap   total 227328K, used 203261K [0x0000000080000000, 0x0000000100000000)
  region size 1024K, 74 young (75776K), 8 survivors (8192K)
 Metaspace       used 86921K, committed 89088K, reserved 1179648K
  class space    used 12996K, committed 14016K, reserved 1048576K
}
Event: 8.962 GC heap after
{Heap after GC invocations=30 (full 0):
 garbage-first heap   total 227328K, used 139455K [0x0000000080000000, 0x0000000100000000)
  region size 1024K, 10 young (10240K), 10 survivors (10240K)
 Metaspace       used 86921K, committed 89088K, reserved 1179648K
  class space    used 12996K, committed 14016K, reserved 1048576K
}
Event: 9.501 GC heap before
{Heap before GC invocations=30 (full 0):
 garbage-first heap   total 227328K, used 203967K [0x0000000080000000, 0x0000000100000000)
  region size 1024K, 73 young (74752K), 10 survivors (10240K)
 Metaspace       used 91786K, committed 93952K, reserved 1179648K
  class space    used 13879K, committed 14912K, reserved 1048576K
}
Event: 9.506 GC heap after
{Heap after GC invocations=31 (full 0):
 garbage-first heap   total 227328K, used 142311K [0x0000000080000000, 0x0000000100000000)
  region size 1024K, 8 young (8192K), 8 survivors (8192K)
 Metaspace       used 91786K, committed 93952K, reserved 1179648K
  class space    used 13879K, committed 14912K, reserved 1048576K
}
Event: 10.043 GC heap before
{Heap before GC invocations=32 (full 0):
 garbage-first heap   total 239616K, used 205799K [0x0000000080000000, 0x0000000100000000)
  region size 1024K, 69 young (70656K), 8 survivors (8192K)
 Metaspace       used 97101K, committed 99392K, reserved 1179648K
  class space    used 14734K, committed 15808K, reserved 1048576K
}
Event: 10.049 GC heap after
{Heap after GC invocations=33 (full 0):
 garbage-first heap   total 239616K, used 147202K [0x0000000080000000, 0x0000000100000000)
  region size 1024K, 6 young (6144K), 6 survivors (6144K)
 Metaspace       used 97101K, committed 99392K, reserved 1179648K
  class space    used 14734K, committed 15808K, reserved 1048576K
}
Event: 10.485 GC heap before
{Heap before GC invocations=33 (full 0):
 garbage-first heap   total 239616K, used 217858K [0x0000000080000000, 0x0000000100000000)
  region size 1024K, 76 young (77824K), 6 survivors (6144K)
 Metaspace       used 99614K, committed 101888K, reserved 1179648K
  class space    used 15081K, committed 16192K, reserved 1048576K
}
Event: 10.491 GC heap after
{Heap after GC invocations=34 (full 0):
 garbage-first heap   total 239616K, used 150043K [0x0000000080000000, 0x0000000100000000)
  region size 1024K, 10 young (10240K), 10 survivors (10240K)
 Metaspace       used 99614K, committed 101888K, reserved 1179648K
  class space    used 15081K, committed 16192K, reserved 1048576K
}
Event: 10.829 GC heap before
{Heap before GC invocations=34 (full 0):
 garbage-first heap   total 239616K, used 215579K [0x0000000080000000, 0x0000000100000000)
  region size 1024K, 74 young (75776K), 10 survivors (10240K)
 Metaspace       used 99614K, committed 101888K, reserved 1179648K
  class space    used 15081K, committed 16192K, reserved 1048576K
}
Event: 10.836 GC heap after
{Heap after GC invocations=35 (full 0):
 garbage-first heap   total 239616K, used 152420K [0x0000000080000000, 0x0000000100000000)
  region size 1024K, 7 young (7168K), 7 survivors (7168K)
 Metaspace       used 99614K, committed 101888K, reserved 1179648K
  class space    used 15081K, committed 16192K, reserved 1048576K
}
Event: 11.370 GC heap before
{Heap before GC invocations=36 (full 0):
 garbage-first heap   total 256000K, used 217956K [0x0000000080000000, 0x0000000100000000)
  region size 1024K, 71 young (72704K), 7 survivors (7168K)
 Metaspace       used 99614K, committed 101888K, reserved 1179648K
  class space    used 15081K, committed 16192K, reserved 1048576K
}

