# JRE version: OpenJDK Runtime Environment (21.0.8) (build 21.0.8+-14196175-b1038.72)
# Java VM: OpenJDK 64-Bit Server VM (21.0.8+-14196175-b1038.72, mixed mode, tiered, compressed oops, compressed class ptrs, g1 gc, windows-amd64)
GC Precious Log:
 CardTable entry size: 512
 Card Set container configuration: InlinePtr #cards 5 size 8 Array Of Cards #cards 12 size 40 Howl #buckets 4 coarsen threshold 1843 Howl Bitmap #cards 512 size 80 coarsen threshold 460 Card regions per heap region 1 cards per card region 2048
 CPUs: 12 total, 12 available
 Memory: 15681M
 Large Page Support: Disabled
 NUMA Support: Disabled
 Compressed Oops: Enabled (32-bit)
 Heap Region Size: 1M
 Heap Min Capacity: 8M
 Heap Initial Capacity: 246M
 Heap Max Capacity: 2G
 Pre-touch: Disabled
 Parallel Workers: 10
 Concurrent Workers: 3
 Concurrent Refinement Workers: 10
 Periodic GC: Disabled
Heap:
 garbage-first heap   total 157696K, used 129788K [0x0000000080000000, 0x0000000100000000)
  region size 1024K, 39 young (39936K), 4 survivors (4096K)
 Metaspace       used 104270K, committed 106560K, reserved 1179648K
  class space    used 14905K, committed 16000K, reserved 1048576K
GC Heap History (20 events):
Event: 9.815 GC heap before
{Heap before GC invocations=25 (full 0):
 garbage-first heap   total 116736K, used 100740K [0x0000000080000000, 0x0000000100000000)
  region size 1024K, 31 young (31744K), 1 survivors (1024K)
 Metaspace       used 73112K, committed 75072K, reserved 1114112K
  class space    used 10376K, committed 11328K, reserved 1048576K
}
Event: 9.818 GC heap after
{Heap after GC invocations=26 (full 0):
 garbage-first heap   total 116736K, used 74828K [0x0000000080000000, 0x0000000100000000)
  region size 1024K, 4 young (4096K), 4 survivors (4096K)
 Metaspace       used 73112K, committed 75072K, reserved 1114112K
  class space    used 10376K, committed 11328K, reserved 1048576K
}
Event: 10.089 GC heap before
{Heap before GC invocations=26 (full 0):
 garbage-first heap   total 116736K, used 100428K [0x0000000080000000, 0x0000000100000000)
  region size 1024K, 29 young (29696K), 4 survivors (4096K)
 Metaspace       used 75629K, committed 77568K, reserved 1179648K
  class space    used 10648K, committed 11584K, reserved 1048576K
}
Event: 10.092 GC heap after
{Heap after GC invocations=27 (full 0):
 garbage-first heap   total 116736K, used 74209K [0x0000000080000000, 0x0000000100000000)
  region size 1024K, 1 young (1024K), 1 survivors (1024K)
 Metaspace       used 75629K, committed 77568K, reserved 1179648K
  class space    used 10648K, committed 11584K, reserved 1048576K
}
Event: 10.388 GC heap before
{Heap before GC invocations=27 (full 0):
 garbage-first heap   total 116736K, used 100833K [0x0000000080000000, 0x0000000100000000)
  region size 1024K, 28 young (28672K), 1 survivors (1024K)
 Metaspace       used 78738K, committed 80704K, reserved 1179648K
  class space    used 11138K, committed 12096K, reserved 1048576K
}
Event: 10.392 GC heap after
{Heap after GC invocations=28 (full 0):
 garbage-first heap   total 140288K, used 75201K [0x0000000080000000, 0x0000000100000000)
  region size 1024K, 2 young (2048K), 2 survivors (2048K)
 Metaspace       used 78738K, committed 80704K, reserved 1179648K
  class space    used 11138K, committed 12096K, reserved 1048576K
}
Event: 11.016 GC heap before
{Heap before GC invocations=29 (full 0):
 garbage-first heap   total 140288K, used 119233K [0x0000000080000000, 0x0000000100000000)
  region size 1024K, 44 young (45056K), 2 survivors (2048K)
 Metaspace       used 83118K, committed 85120K, reserved 1179648K
  class space    used 11744K, committed 12736K, reserved 1048576K
}
Event: 11.020 GC heap after
{Heap after GC invocations=30 (full 0):
 garbage-first heap   total 140288K, used 79156K [0x0000000080000000, 0x0000000100000000)
  region size 1024K, 4 young (4096K), 4 survivors (4096K)
 Metaspace       used 83118K, committed 85120K, reserved 1179648K
  class space    used 11744K, committed 12736K, reserved 1048576K
}
Event: 11.409 GC heap before
{Heap before GC invocations=30 (full 0):
 garbage-first heap   total 140288K, used 127284K [0x0000000080000000, 0x0000000100000000)
  region size 1024K, 46 young (47104K), 4 survivors (4096K)
 Metaspace       used 86455K, committed 88448K, reserved 1179648K
  class space    used 12173K, committed 13120K, reserved 1048576K
}
Event: 11.415 GC heap after
{Heap after GC invocations=31 (full 0):
 garbage-first heap   total 140288K, used 83619K [0x0000000080000000, 0x0000000100000000)
  region size 1024K, 6 young (6144K), 6 survivors (6144K)
 Metaspace       used 86455K, committed 88448K, reserved 1179648K
  class space    used 12173K, committed 13120K, reserved 1048576K
}
Event: 11.832 GC heap before
{Heap before GC invocations=31 (full 0):
 garbage-first heap   total 140288K, used 123555K [0x0000000080000000, 0x0000000100000000)
  region size 1024K, 45 young (46080K), 6 survivors (6144K)
 Metaspace       used 89623K, committed 91648K, reserved 1179648K
  class space    used 12558K, committed 13504K, reserved 1048576K
}
Event: 11.837 GC heap after
{Heap after GC invocations=32 (full 0):
 garbage-first heap   total 140288K, used 86345K [0x0000000080000000, 0x0000000100000000)
  region size 1024K, 3 young (3072K), 3 survivors (3072K)
 Metaspace       used 89623K, committed 91648K, reserved 1179648K
  class space    used 12558K, committed 13504K, reserved 1048576K
}
Event: 12.222 GC heap before
{Heap before GC invocations=33 (full 0):
 garbage-first heap   total 147456K, used 125257K [0x0000000080000000, 0x0000000100000000)
  region size 1024K, 41 young (41984K), 3 survivors (3072K)
 Metaspace       used 91847K, committed 93888K, reserved 1179648K
  class space    used 12866K, committed 13824K, reserved 1048576K
}
Event: 12.228 GC heap after
{Heap after GC invocations=34 (full 0):
 garbage-first heap   total 147456K, used 90048K [0x0000000080000000, 0x0000000100000000)
  region size 1024K, 6 young (6144K), 6 survivors (6144K)
 Metaspace       used 91847K, committed 93888K, reserved 1179648K
  class space    used 12866K, committed 13824K, reserved 1048576K
}
Event: 12.666 GC heap before
{Heap before GC invocations=34 (full 0):
 garbage-first heap   total 147456K, used 132032K [0x0000000080000000, 0x0000000100000000)
  region size 1024K, 47 young (48128K), 6 survivors (6144K)
 Metaspace       used 95267K, committed 97344K, reserved 1179648K
  class space    used 13443K, committed 14400K, reserved 1048576K
}
Event: 12.672 GC heap after
{Heap after GC invocations=35 (full 0):
 garbage-first heap   total 147456K, used 91160K [0x0000000080000000, 0x0000000100000000)
  region size 1024K, 2 young (2048K), 2 survivors (2048K)
 Metaspace       used 95267K, committed 97344K, reserved 1179648K
  class space    used 13443K, committed 14400K, reserved 1048576K
}
Event: 13.144 GC heap before
{Heap before GC invocations=35 (full 0):
 garbage-first heap   total 147456K, used 134168K [0x0000000080000000, 0x0000000100000000)
  region size 1024K, 44 young (45056K), 2 survivors (2048K)
 Metaspace       used 98706K, committed 100800K, reserved 1179648K
  class space    used 14056K, committed 15040K, reserved 1048576K
}
Event: 13.148 GC heap after
{Heap after GC invocations=36 (full 0):
 garbage-first heap   total 147456K, used 92894K [0x0000000080000000, 0x0000000100000000)
  region size 1024K, 4 young (4096K), 4 survivors (4096K)
 Metaspace       used 98706K, committed 100800K, reserved 1179648K
  class space    used 14056K, committed 15040K, reserved 1048576K
}
Event: 14.700 GC heap before
{Heap before GC invocations=37 (full 0):
 garbage-first heap   total 157696K, used 132830K [0x0000000080000000, 0x0000000100000000)
  region size 1024K, 43 young (44032K), 4 survivors (4096K)
 Metaspace       used 101710K, committed 103936K, reserved 1179648K
  class space    used 14520K, committed 15552K, reserved 1048576K
}
Event: 14.707 GC heap after
{Heap after GC invocations=38 (full 0):
 garbage-first heap   total 157696K, used 94972K [0x0000000080000000, 0x0000000100000000)
  region size 1024K, 4 young (4096K), 4 survivors (4096K)
 Metaspace       used 101710K, committed 103936K, reserved 1179648K
  class space    used 14520K, committed 15552K, reserved 1048576K
}

