# JRE version: OpenJDK Runtime Environment (21.0.8) (build 21.0.8+-14196175-b1038.72)
# Java VM: OpenJDK 64-Bit Server VM (21.0.8+-14196175-b1038.72, mixed mode, emulated-client, tiered, compressed oops, compressed class ptrs, g1 gc, windows-amd64)
GC Precious Log:
 CardTable entry size: 512
 Card Set container configuration: InlinePtr #cards 5 size 8 Array Of Cards #cards 12 size 40 Howl #buckets 4 coarsen threshold 1843 Howl Bitmap #cards 512 size 80 coarsen threshold 460 Card regions per heap region 1 cards per card region 2048
 CPUs: 12 total, 12 available
 Memory: 15681M
 Large Page Support: Disabled
 NUMA Support: Disabled
 Compressed Oops: Enabled (32-bit)
 Heap Region Size: 1M
 Heap Min Capacity: 8M
 Heap Initial Capacity: 246M
 Heap Max Capacity: 2G
 Pre-touch: Disabled
 Parallel Workers: 10
 Concurrent Workers: 3
 Concurrent Refinement Workers: 10
 Periodic GC: Disabled
Heap:
 garbage-first heap   total 220160K, used 210197K [0x0000000080000000, 0x0000000100000000)
  region size 1024K, 93 young (95232K), 9 survivors (9216K)
 Metaspace       used 75427K, committed 77440K, reserved 1114112K
  class space    used 11523K, committed 12480K, reserved 1048576K
GC Heap History (20 events):
Event: 4.505 GC heap after
{Heap after GC invocations=19 (full 0):
 garbage-first heap   total 129024K, used 79152K [0x0000000080000000, 0x0000000100000000)
  region size 1024K, 5 young (5120K), 5 survivors (5120K)
 Metaspace       used 57559K, committed 59200K, reserved 1114112K
  class space    used 8759K, committed 9536K, reserved 1048576K
}
Event: 4.572 GC heap before
{Heap before GC invocations=19 (full 0):
 garbage-first heap   total 129024K, used 116016K [0x0000000080000000, 0x0000000100000000)
  region size 1024K, 41 young (41984K), 5 survivors (5120K)
 Metaspace       used 57573K, committed 59200K, reserved 1114112K
  class space    used 8761K, committed 9536K, reserved 1048576K
}
Event: 4.575 GC heap after
{Heap after GC invocations=20 (full 0):
 garbage-first heap   total 155648K, used 79701K [0x0000000080000000, 0x0000000100000000)
  region size 1024K, 3 young (3072K), 3 survivors (3072K)
 Metaspace       used 57573K, committed 59200K, reserved 1114112K
  class space    used 8761K, committed 9536K, reserved 1048576K
}
Event: 4.799 GC heap before
{Heap before GC invocations=21 (full 0):
 garbage-first heap   total 155648K, used 142165K [0x0000000080000000, 0x0000000100000000)
  region size 1024K, 64 young (65536K), 3 survivors (3072K)
 Metaspace       used 58877K, committed 60480K, reserved 1114112K
  class space    used 8947K, committed 9728K, reserved 1048576K
}
Event: 4.802 GC heap after
{Heap after GC invocations=22 (full 0):
 garbage-first heap   total 155648K, used 82045K [0x0000000080000000, 0x0000000100000000)
  region size 1024K, 5 young (5120K), 5 survivors (5120K)
 Metaspace       used 58877K, committed 60480K, reserved 1114112K
  class space    used 8947K, committed 9728K, reserved 1048576K
}
Event: 5.130 GC heap before
{Heap before GC invocations=22 (full 0):
 garbage-first heap   total 155648K, used 146557K [0x0000000080000000, 0x0000000100000000)
  region size 1024K, 62 young (63488K), 5 survivors (5120K)
 Metaspace       used 60646K, committed 62272K, reserved 1114112K
  class space    used 9165K, committed 9920K, reserved 1048576K
}
Event: 5.136 GC heap after
{Heap after GC invocations=23 (full 0):
 garbage-first heap   total 159744K, used 93920K [0x0000000080000000, 0x0000000100000000)
  region size 1024K, 8 young (8192K), 8 survivors (8192K)
 Metaspace       used 60646K, committed 62272K, reserved 1114112K
  class space    used 9165K, committed 9920K, reserved 1048576K
}
Event: 5.354 GC heap before
{Heap before GC invocations=23 (full 0):
 garbage-first heap   total 159744K, used 138976K [0x0000000080000000, 0x0000000100000000)
  region size 1024K, 53 young (54272K), 8 survivors (8192K)
 Metaspace       used 61087K, committed 62720K, reserved 1114112K
  class space    used 9253K, committed 10048K, reserved 1048576K
}
Event: 5.358 GC heap after
{Heap after GC invocations=24 (full 0):
 garbage-first heap   total 159744K, used 95360K [0x0000000080000000, 0x0000000100000000)
  region size 1024K, 2 young (2048K), 2 survivors (2048K)
 Metaspace       used 61087K, committed 62720K, reserved 1114112K
  class space    used 9253K, committed 10048K, reserved 1048576K
}
Event: 5.685 GC heap before
{Heap before GC invocations=25 (full 0):
 garbage-first heap   total 173056K, used 154752K [0x0000000080000000, 0x0000000100000000)
  region size 1024K, 53 young (54272K), 2 survivors (2048K)
 Metaspace       used 63386K, committed 65216K, reserved 1114112K
  class space    used 9600K, committed 10432K, reserved 1048576K
}
Event: 5.688 GC heap after
{Heap after GC invocations=26 (full 0):
 garbage-first heap   total 173056K, used 103876K [0x0000000080000000, 0x0000000100000000)
  region size 1024K, 4 young (4096K), 4 survivors (4096K)
 Metaspace       used 63386K, committed 65216K, reserved 1114112K
  class space    used 9600K, committed 10432K, reserved 1048576K
}
Event: 6.101 GC heap before
{Heap before GC invocations=26 (full 0):
 garbage-first heap   total 173056K, used 158148K [0x0000000080000000, 0x0000000100000000)
  region size 1024K, 57 young (58368K), 4 survivors (4096K)
 Metaspace       used 69860K, committed 71744K, reserved 1114112K
  class space    used 10575K, committed 11520K, reserved 1048576K
}
Event: 6.106 GC heap after
{Heap after GC invocations=27 (full 0):
 garbage-first heap   total 173056K, used 105954K [0x0000000080000000, 0x0000000100000000)
  region size 1024K, 6 young (6144K), 6 survivors (6144K)
 Metaspace       used 69860K, committed 71744K, reserved 1114112K
  class space    used 10575K, committed 11520K, reserved 1048576K
}
Event: 6.520 GC heap before
{Heap before GC invocations=27 (full 0):
 garbage-first heap   total 173056K, used 157154K [0x0000000080000000, 0x0000000100000000)
  region size 1024K, 56 young (57344K), 6 survivors (6144K)
 Metaspace       used 74276K, committed 76288K, reserved 1114112K
  class space    used 11313K, committed 12288K, reserved 1048576K
}
Event: 6.525 GC heap after
{Heap after GC invocations=28 (full 0):
 garbage-first heap   total 173056K, used 108661K [0x0000000080000000, 0x0000000100000000)
  region size 1024K, 6 young (6144K), 6 survivors (6144K)
 Metaspace       used 74276K, committed 76288K, reserved 1114112K
  class space    used 11313K, committed 12288K, reserved 1048576K
}
Event: 6.868 GC heap before
{Heap before GC invocations=29 (full 0):
 garbage-first heap   total 183296K, used 154741K [0x0000000080000000, 0x0000000100000000)
  region size 1024K, 52 young (53248K), 6 survivors (6144K)
 Metaspace       used 75019K, committed 76992K, reserved 1114112K
  class space    used 11455K, committed 12416K, reserved 1048576K
}
Event: 6.876 GC heap after
{Heap after GC invocations=30 (full 0):
 garbage-first heap   total 183296K, used 113749K [0x0000000080000000, 0x0000000100000000)
  region size 1024K, 7 young (7168K), 7 survivors (7168K)
 Metaspace       used 75019K, committed 76992K, reserved 1114112K
  class space    used 11455K, committed 12416K, reserved 1048576K
}
Event: 7.087 GC heap before
{Heap before GC invocations=30 (full 0):
 garbage-first heap   total 183296K, used 163925K [0x0000000080000000, 0x0000000100000000)
  region size 1024K, 57 young (58368K), 7 survivors (7168K)
 Metaspace       used 75019K, committed 76992K, reserved 1114112K
  class space    used 11455K, committed 12416K, reserved 1048576K
}
Event: 7.216 GC heap after
{Heap after GC invocations=31 (full 0):
 garbage-first heap   total 220160K, used 115989K [0x0000000080000000, 0x0000000100000000)
  region size 1024K, 5 young (5120K), 5 survivors (5120K)
 Metaspace       used 75019K, committed 76992K, reserved 1114112K
  class space    used 11455K, committed 12416K, reserved 1048576K
}
Event: 7.747 GC heap before
{Heap before GC invocations=31 (full 0):
 garbage-first heap   total 220160K, used 209173K [0x0000000080000000, 0x0000000100000000)
  region size 1024K, 89 young (91136K), 5 survivors (5120K)
 Metaspace       used 75427K, committed 77440K, reserved 1114112K
  class space    used 11523K, committed 12480K, reserved 1048576K
}

