# JRE version: OpenJDK Runtime Environment (21.0.8) (build 21.0.8+-14196175-b1038.72)
# Java VM: OpenJDK 64-Bit Server VM (21.0.8+-14196175-b1038.72, mixed mode, emulated-client, tiered, compressed oops, compressed class ptrs, serial gc, windows-amd64)
GC Precious Log:
 CardTable entry size: 512
 CPUs: 12 total, 12 available
 Memory: 15681M
 Large Page Support: Disabled
 NUMA Support: Disabled
 Compressed Oops: Enabled (32-bit)
 Heap Min Capacity: 8M
 Heap Initial Capacity: 246M
 Heap Max Capacity: 1536M
 Pre-touch: Disabled
Heap:
 def new generation   total 163904K, used 35733K [0x00000000a0000000, 0x00000000ab1d0000, 0x00000000c0000000)
  eden space 145728K,  13% used [0x00000000a0000000, 0x00000000a139efd0, 0x00000000a8e50000)
  from space 18176K,  86% used [0x00000000aa010000, 0x00000000aaf565c0, 0x00000000ab1d0000)
  to   space 18176K,   0% used [0x00000000a8e50000, 0x00000000a8e50000, 0x00000000aa010000)
 tenured generation   total 362332K, used 217398K [0x00000000c0000000, 0x00000000d61d7000, 0x0000000100000000)
   the space 362332K,  59% used [0x00000000c0000000, 0x00000000cd44dbd8, 0x00000000cd44dc00, 0x00000000d61d7000)
 Metaspace       used 153547K, committed 156352K, reserved 1245184K
  class space    used 23015K, committed 24320K, reserved 1048576K
GC Heap History (20 events):
Event: 153.033 GC heap before
{Heap before GC invocations=34 (full 6):
 def new generation   total 131264K, used 116736K [0x00000000a0000000, 0x00000000a8e60000, 0x00000000c0000000)
  eden space 116736K, 100% used [0x00000000a0000000, 0x00000000a7200000, 0x00000000a7200000)
  from space 14528K,   0% used [0x00000000a7200000, 0x00000000a7200000, 0x00000000a8030000)
  to   space 14528K,   0% used [0x00000000a8030000, 0x00000000a8030000, 0x00000000a8e60000)
 tenured generation   total 289732K, used 173838K [0x00000000c0000000, 0x00000000d1af1000, 0x0000000100000000)
   the space 289732K,  59% used [0x00000000c0000000, 0x00000000ca9c3ac8, 0x00000000ca9c3c00, 0x00000000d1af1000)
 Metaspace       used 128977K, committed 131520K, reserved 1179648K
  class space    used 19133K, committed 20352K, reserved 1048576K
}
Event: 153.053 GC heap after
{Heap after GC invocations=35 (full 6):
 def new generation   total 131264K, used 7265K [0x00000000a0000000, 0x00000000a8e60000, 0x00000000c0000000)
  eden space 116736K,   0% used [0x00000000a0000000, 0x00000000a0000000, 0x00000000a7200000)
  from space 14528K,  50% used [0x00000000a8030000, 0x00000000a87486f0, 0x00000000a8e60000)
  to   space 14528K,   0% used [0x00000000a7200000, 0x00000000a7200000, 0x00000000a8030000)
 tenured generation   total 289732K, used 173838K [0x00000000c0000000, 0x00000000d1af1000, 0x0000000100000000)
   the space 289732K,  59% used [0x00000000c0000000, 0x00000000ca9c3ac8, 0x00000000ca9c3c00, 0x00000000d1af1000)
 Metaspace       used 128977K, committed 131520K, reserved 1179648K
  class space    used 19133K, committed 20352K, reserved 1048576K
}
Event: 153.873 GC heap before
{Heap before GC invocations=35 (full 6):
 def new generation   total 131264K, used 119758K [0x00000000a0000000, 0x00000000a8e60000, 0x00000000c0000000)
  eden space 116736K,  96% used [0x00000000a0000000, 0x00000000a6ddb1b8, 0x00000000a7200000)
  from space 14528K,  50% used [0x00000000a8030000, 0x00000000a87486f0, 0x00000000a8e60000)
  to   space 14528K,   0% used [0x00000000a7200000, 0x00000000a7200000, 0x00000000a8030000)
 tenured generation   total 289732K, used 173838K [0x00000000c0000000, 0x00000000d1af1000, 0x0000000100000000)
   the space 289732K,  59% used [0x00000000c0000000, 0x00000000ca9c3ac8, 0x00000000ca9c3c00, 0x00000000d1af1000)
 Metaspace       used 132585K, committed 135232K, reserved 1179648K
  class space    used 19658K, committed 20928K, reserved 1048576K
}
Event: 154.154 GC heap after
{Heap after GC invocations=36 (full 7):
 def new generation   total 134848K, used 0K [0x00000000a0000000, 0x00000000a9250000, 0x00000000c0000000)
  eden space 119872K,   0% used [0x00000000a0000000, 0x00000000a0000000, 0x00000000a7510000)
  from space 14976K,   0% used [0x00000000a7510000, 0x00000000a7510000, 0x00000000a83b0000)
  to   space 14976K,   0% used [0x00000000a83b0000, 0x00000000a83b0000, 0x00000000a9250000)
 tenured generation   total 298884K, used 179329K [0x00000000c0000000, 0x00000000d23e1000, 0x0000000100000000)
   the space 298884K,  59% used [0x00000000c0000000, 0x00000000caf20608, 0x00000000caf20800, 0x00000000d23e1000)
 Metaspace       used 132585K, committed 135232K, reserved 1179648K
  class space    used 19658K, committed 20928K, reserved 1048576K
}
Event: 154.921 GC heap before
{Heap before GC invocations=36 (full 7):
 def new generation   total 134848K, used 119872K [0x00000000a0000000, 0x00000000a9250000, 0x00000000c0000000)
  eden space 119872K, 100% used [0x00000000a0000000, 0x00000000a7510000, 0x00000000a7510000)
  from space 14976K,   0% used [0x00000000a7510000, 0x00000000a7510000, 0x00000000a83b0000)
  to   space 14976K,   0% used [0x00000000a83b0000, 0x00000000a83b0000, 0x00000000a9250000)
 tenured generation   total 298884K, used 179329K [0x00000000c0000000, 0x00000000d23e1000, 0x0000000100000000)
   the space 298884K,  59% used [0x00000000c0000000, 0x00000000caf20608, 0x00000000caf20800, 0x00000000d23e1000)
 Metaspace       used 133596K, committed 136256K, reserved 1179648K
  class space    used 19879K, committed 21184K, reserved 1048576K
}
Event: 154.972 GC heap after
{Heap after GC invocations=37 (full 7):
 def new generation   total 134848K, used 14976K [0x00000000a0000000, 0x00000000a9250000, 0x00000000c0000000)
  eden space 119872K,   0% used [0x00000000a0000000, 0x00000000a0000000, 0x00000000a7510000)
  from space 14976K, 100% used [0x00000000a83b0000, 0x00000000a9250000, 0x00000000a9250000)
  to   space 14976K,   0% used [0x00000000a7510000, 0x00000000a7510000, 0x00000000a83b0000)
 tenured generation   total 298884K, used 179531K [0x00000000c0000000, 0x00000000d23e1000, 0x0000000100000000)
   the space 298884K,  60% used [0x00000000c0000000, 0x00000000caf52c90, 0x00000000caf52e00, 0x00000000d23e1000)
 Metaspace       used 133596K, committed 136256K, reserved 1179648K
  class space    used 19879K, committed 21184K, reserved 1048576K
}
Event: 155.747 GC heap before
{Heap before GC invocations=37 (full 7):
 def new generation   total 134848K, used 134848K [0x00000000a0000000, 0x00000000a9250000, 0x00000000c0000000)
  eden space 119872K, 100% used [0x00000000a0000000, 0x00000000a7510000, 0x00000000a7510000)
  from space 14976K, 100% used [0x00000000a83b0000, 0x00000000a9250000, 0x00000000a9250000)
  to   space 14976K,   0% used [0x00000000a7510000, 0x00000000a7510000, 0x00000000a83b0000)
 tenured generation   total 298884K, used 179531K [0x00000000c0000000, 0x00000000d23e1000, 0x0000000100000000)
   the space 298884K,  60% used [0x00000000c0000000, 0x00000000caf52c90, 0x00000000caf52e00, 0x00000000d23e1000)
 Metaspace       used 134668K, committed 137344K, reserved 1179648K
  class space    used 20061K, committed 21376K, reserved 1048576K
}
Event: 155.795 GC heap after
{Heap after GC invocations=38 (full 7):
 def new generation   total 134848K, used 7232K [0x00000000a0000000, 0x00000000a9250000, 0x00000000c0000000)
  eden space 119872K,   0% used [0x00000000a0000000, 0x00000000a0000000, 0x00000000a7510000)
  from space 14976K,  48% used [0x00000000a7510000, 0x00000000a7c20178, 0x00000000a83b0000)
  to   space 14976K,   0% used [0x00000000a83b0000, 0x00000000a83b0000, 0x00000000a9250000)
 tenured generation   total 298884K, used 192490K [0x00000000c0000000, 0x00000000d23e1000, 0x0000000100000000)
   the space 298884K,  64% used [0x00000000c0000000, 0x00000000cbbfab10, 0x00000000cbbfac00, 0x00000000d23e1000)
 Metaspace       used 134668K, committed 137344K, reserved 1179648K
  class space    used 20061K, committed 21376K, reserved 1048576K
}
Event: 156.322 GC heap before
{Heap before GC invocations=38 (full 7):
 def new generation   total 134848K, used 127104K [0x00000000a0000000, 0x00000000a9250000, 0x00000000c0000000)
  eden space 119872K, 100% used [0x00000000a0000000, 0x00000000a7510000, 0x00000000a7510000)
  from space 14976K,  48% used [0x00000000a7510000, 0x00000000a7c20178, 0x00000000a83b0000)
  to   space 14976K,   0% used [0x00000000a83b0000, 0x00000000a83b0000, 0x00000000a9250000)
 tenured generation   total 298884K, used 192490K [0x00000000c0000000, 0x00000000d23e1000, 0x0000000100000000)
   the space 298884K,  64% used [0x00000000c0000000, 0x00000000cbbfab10, 0x00000000cbbfac00, 0x00000000d23e1000)
 Metaspace       used 135934K, committed 138688K, reserved 1179648K
  class space    used 20262K, committed 21568K, reserved 1048576K
}
Event: 156.374 GC heap after
{Heap after GC invocations=39 (full 7):
 def new generation   total 134848K, used 12215K [0x00000000a0000000, 0x00000000a9250000, 0x00000000c0000000)
  eden space 119872K,   0% used [0x00000000a0000000, 0x00000000a0000000, 0x00000000a7510000)
  from space 14976K,  81% used [0x00000000a83b0000, 0x00000000a8f9dcd8, 0x00000000a9250000)
  to   space 14976K,   0% used [0x00000000a7510000, 0x00000000a7510000, 0x00000000a83b0000)
 tenured generation   total 298884K, used 192490K [0x00000000c0000000, 0x00000000d23e1000, 0x0000000100000000)
   the space 298884K,  64% used [0x00000000c0000000, 0x00000000cbbfab10, 0x00000000cbbfac00, 0x00000000d23e1000)
 Metaspace       used 135934K, committed 138688K, reserved 1179648K
  class space    used 20262K, committed 21568K, reserved 1048576K
}
Event: 157.130 GC heap before
{Heap before GC invocations=39 (full 7):
 def new generation   total 134848K, used 132087K [0x00000000a0000000, 0x00000000a9250000, 0x00000000c0000000)
  eden space 119872K, 100% used [0x00000000a0000000, 0x00000000a7510000, 0x00000000a7510000)
  from space 14976K,  81% used [0x00000000a83b0000, 0x00000000a8f9dcd8, 0x00000000a9250000)
  to   space 14976K,   0% used [0x00000000a7510000, 0x00000000a7510000, 0x00000000a83b0000)
 tenured generation   total 298884K, used 192490K [0x00000000c0000000, 0x00000000d23e1000, 0x0000000100000000)
   the space 298884K,  64% used [0x00000000c0000000, 0x00000000cbbfab10, 0x00000000cbbfac00, 0x00000000d23e1000)
 Metaspace       used 136253K, committed 139008K, reserved 1179648K
  class space    used 20325K, committed 21632K, reserved 1048576K
}
Event: 157.200 GC heap after
{Heap after GC invocations=40 (full 7):
 def new generation   total 134848K, used 12549K [0x00000000a0000000, 0x00000000a9250000, 0x00000000c0000000)
  eden space 119872K,   0% used [0x00000000a0000000, 0x00000000a0000000, 0x00000000a7510000)
  from space 14976K,  83% used [0x00000000a7510000, 0x00000000a81514a8, 0x00000000a83b0000)
  to   space 14976K,   0% used [0x00000000a83b0000, 0x00000000a83b0000, 0x00000000a9250000)
 tenured generation   total 298884K, used 197645K [0x00000000c0000000, 0x00000000d23e1000, 0x0000000100000000)
   the space 298884K,  66% used [0x00000000c0000000, 0x00000000cc1037a8, 0x00000000cc103800, 0x00000000d23e1000)
 Metaspace       used 136253K, committed 139008K, reserved 1179648K
  class space    used 20325K, committed 21632K, reserved 1048576K
}
Event: 161.839 GC heap before
{Heap before GC invocations=40 (full 7):
 def new generation   total 134848K, used 132421K [0x00000000a0000000, 0x00000000a9250000, 0x00000000c0000000)
  eden space 119872K, 100% used [0x00000000a0000000, 0x00000000a7510000, 0x00000000a7510000)
  from space 14976K,  83% used [0x00000000a7510000, 0x00000000a81514a8, 0x00000000a83b0000)
  to   space 14976K,   0% used [0x00000000a83b0000, 0x00000000a83b0000, 0x00000000a9250000)
 tenured generation   total 298884K, used 197645K [0x00000000c0000000, 0x00000000d23e1000, 0x0000000100000000)
   the space 298884K,  66% used [0x00000000c0000000, 0x00000000cc1037a8, 0x00000000cc103800, 0x00000000d23e1000)
 Metaspace       used 138691K, committed 141504K, reserved 1179648K
  class space    used 20702K, committed 22080K, reserved 1048576K
}
Event: 161.875 GC heap after
{Heap after GC invocations=41 (full 7):
 def new generation   total 134848K, used 9302K [0x00000000a0000000, 0x00000000a9250000, 0x00000000c0000000)
  eden space 119872K,   0% used [0x00000000a0000000, 0x00000000a0000000, 0x00000000a7510000)
  from space 14976K,  62% used [0x00000000a83b0000, 0x00000000a8cc5858, 0x00000000a9250000)
  to   space 14976K,   0% used [0x00000000a7510000, 0x00000000a7510000, 0x00000000a83b0000)
 tenured generation   total 298884K, used 207829K [0x00000000c0000000, 0x00000000d23e1000, 0x0000000100000000)
   the space 298884K,  69% used [0x00000000c0000000, 0x00000000ccaf55e0, 0x00000000ccaf5600, 0x00000000d23e1000)
 Metaspace       used 138691K, committed 141504K, reserved 1179648K
  class space    used 20702K, committed 22080K, reserved 1048576K
}
Event: 162.383 GC heap before
{Heap before GC invocations=41 (full 7):
 def new generation   total 134848K, used 59500K [0x00000000a0000000, 0x00000000a9250000, 0x00000000c0000000)
  eden space 119872K,  41% used [0x00000000a0000000, 0x00000000a3105b80, 0x00000000a7510000)
  from space 14976K,  62% used [0x00000000a83b0000, 0x00000000a8cc5858, 0x00000000a9250000)
  to   space 14976K,   0% used [0x00000000a7510000, 0x00000000a7510000, 0x00000000a83b0000)
 tenured generation   total 298884K, used 207829K [0x00000000c0000000, 0x00000000d23e1000, 0x0000000100000000)
   the space 298884K,  69% used [0x00000000c0000000, 0x00000000ccaf55e0, 0x00000000ccaf5600, 0x00000000d23e1000)
 Metaspace       used 145530K, committed 148416K, reserved 1179648K
  class space    used 21628K, committed 22976K, reserved 1048576K
}
Event: 163.392 GC heap after
{Heap after GC invocations=42 (full 8):
 def new generation   total 157952K, used 0K [0x00000000a0000000, 0x00000000aab60000, 0x00000000c0000000)
  eden space 140416K,   0% used [0x00000000a0000000, 0x00000000a0000000, 0x00000000a8920000)
  from space 17536K,   0% used [0x00000000a8920000, 0x00000000a8920000, 0x00000000a9a40000)
  to   space 17536K,   0% used [0x00000000a9a40000, 0x00000000a9a40000, 0x00000000aab60000)
 tenured generation   total 349060K, used 209435K [0x00000000c0000000, 0x00000000d54e1000, 0x0000000100000000)
   the space 349060K,  59% used [0x00000000c0000000, 0x00000000ccc86fe8, 0x00000000ccc87000, 0x00000000d54e1000)
 Metaspace       used 145530K, committed 148416K, reserved 1179648K
  class space    used 21628K, committed 22976K, reserved 1048576K
}
Event: 163.885 GC heap before
{Heap before GC invocations=42 (full 8):
 def new generation   total 157952K, used 55062K [0x00000000a0000000, 0x00000000aab60000, 0x00000000c0000000)
  eden space 140416K,  39% used [0x00000000a0000000, 0x00000000a35c59d8, 0x00000000a8920000)
  from space 17536K,   0% used [0x00000000a8920000, 0x00000000a8920000, 0x00000000a9a40000)
  to   space 17536K,   0% used [0x00000000a9a40000, 0x00000000a9a40000, 0x00000000aab60000)
 tenured generation   total 349060K, used 209435K [0x00000000c0000000, 0x00000000d54e1000, 0x0000000100000000)
   the space 349060K,  59% used [0x00000000c0000000, 0x00000000ccc86fe8, 0x00000000ccc87000, 0x00000000d54e1000)
 Metaspace       used 146818K, committed 149696K, reserved 1179648K
  class space    used 21863K, committed 23232K, reserved 1048576K
}
Event: 164.238 GC heap after
{Heap after GC invocations=43 (full 9):
 def new generation   total 163904K, used 0K [0x00000000a0000000, 0x00000000ab1d0000, 0x00000000c0000000)
  eden space 145728K,   0% used [0x00000000a0000000, 0x00000000a0000000, 0x00000000a8e50000)
  from space 18176K,   0% used [0x00000000a8e50000, 0x00000000a8e50000, 0x00000000aa010000)
  to   space 18176K,   0% used [0x00000000aa010000, 0x00000000aa010000, 0x00000000ab1d0000)
 tenured generation   total 362332K, used 217398K [0x00000000c0000000, 0x00000000d61d7000, 0x0000000100000000)
   the space 362332K,  59% used [0x00000000c0000000, 0x00000000cd44dbd8, 0x00000000cd44dc00, 0x00000000d61d7000)
 Metaspace       used 146818K, committed 149696K, reserved 1179648K
  class space    used 21863K, committed 23232K, reserved 1048576K
}
Event: 168.404 GC heap before
{Heap before GC invocations=43 (full 9):
 def new generation   total 163904K, used 145728K [0x00000000a0000000, 0x00000000ab1d0000, 0x00000000c0000000)
  eden space 145728K, 100% used [0x00000000a0000000, 0x00000000a8e50000, 0x00000000a8e50000)
  from space 18176K,   0% used [0x00000000a8e50000, 0x00000000a8e50000, 0x00000000aa010000)
  to   space 18176K,   0% used [0x00000000aa010000, 0x00000000aa010000, 0x00000000ab1d0000)
 tenured generation   total 362332K, used 217398K [0x00000000c0000000, 0x00000000d61d7000, 0x0000000100000000)
   the space 362332K,  59% used [0x00000000c0000000, 0x00000000cd44dbd8, 0x00000000cd44dc00, 0x00000000d61d7000)
 Metaspace       used 152857K, committed 155712K, reserved 1245184K
  class space    used 22892K, committed 24256K, reserved 1048576K
}
Event: 168.453 GC heap after
{Heap after GC invocations=44 (full 9):
 def new generation   total 163904K, used 15641K [0x00000000a0000000, 0x00000000ab1d0000, 0x00000000c0000000)
  eden space 145728K,   0% used [0x00000000a0000000, 0x00000000a0000000, 0x00000000a8e50000)
  from space 18176K,  86% used [0x00000000aa010000, 0x00000000aaf565c0, 0x00000000ab1d0000)
  to   space 18176K,   0% used [0x00000000a8e50000, 0x00000000a8e50000, 0x00000000aa010000)
 tenured generation   total 362332K, used 217398K [0x00000000c0000000, 0x00000000d61d7000, 0x0000000100000000)
   the space 362332K,  59% used [0x00000000c0000000, 0x00000000cd44dbd8, 0x00000000cd44dc00, 0x00000000d61d7000)
 Metaspace       used 152857K, committed 155712K, reserved 1245184K
  class space    used 22892K, committed 24256K, reserved 1048576K
}

