# JRE version: Java(TM) SE Runtime Environment (25.0.1+8) (build 25.0.1+8-LTS-27)
# Java VM: Java HotSpot(TM) 64-Bit Server VM (25.0.1+8-LTS-27, mixed mode, sharing, tiered, compressed oops, compressed class ptrs, g1 gc, windows-amd64)
GC Precious Log:
 CardTable entry size: 512
 Card Set container configuration: InlinePtr #cards 5 size 8 Array Of Cards #cards 10 size 36 Howl #buckets 4 coarsen threshold 1843 Howl Bitmap #cards 512 size 80 coarsen threshold 460 Card regions per heap region 1 cards per card region 2048
 CPUs: 12 total, 12 available
 Memory: 15681M
 Large Page Support: Disabled
 NUMA Support: Disabled
 Compressed Oops: Enabled (32-bit)
 Heap Region Size: 1M
 Heap Min Capacity: 8M
 Heap Initial Capacity: 246M
 Heap Max Capacity: 2G
 Pre-touch: Disabled
 Parallel Workers: 10
 Concurrent Workers: 3
 Concurrent Refinement Workers: 10
 Periodic GC: Disabled
Heap:
 garbage-first heap   total reserved 2097152K, committed 194560K, used 123765K [0x0000000080000000, 0x0000000100000000)
  region size 1024K, 12 young (12288K), 4 survivors (4096K)
GC Heap Usage History (20 events):
Event: 8.713 {heap Before GC invocations=17 (full 0):
 garbage-first heap   total reserved 2097152K, committed 131072K, used 105231K [0x0000000080000000, 0x0000000100000000)
  region size 1024K, 51 young (52224K), 7 survivors (7168K)
}
Event: 8.721 {heap After GC invocations=18 (full 0):
 garbage-first heap   total reserved 2097152K, committed 131072K, used 65673K [0x0000000080000000, 0x0000000100000000)
  region size 1024K, 7 young (7168K), 7 survivors (7168K)
}
Event: 9.040 {heap Before GC invocations=19 (full 0):
 garbage-first heap   total reserved 2097152K, committed 131072K, used 112777K [0x0000000080000000, 0x0000000100000000)
  region size 1024K, 52 young (53248K), 7 survivors (7168K)
}
Event: 9.051 {heap After GC invocations=20 (full 0):
 garbage-first heap   total reserved 2097152K, committed 133120K, used 78857K [0x0000000080000000, 0x0000000100000000)
  region size 1024K, 7 young (7168K), 7 survivors (7168K)
}
Event: 9.402 {heap Before GC invocations=20 (full 0):
 garbage-first heap   total reserved 2097152K, committed 133120K, used 115721K [0x0000000080000000, 0x0000000100000000)
  region size 1024K, 43 young (44032K), 7 survivors (7168K)
}
Event: 9.409 {heap After GC invocations=21 (full 0):
 garbage-first heap   total reserved 2097152K, committed 133120K, used 83173K [0x0000000080000000, 0x0000000100000000)
  region size 1024K, 4 young (4096K), 4 survivors (4096K)
}
Event: 9.760 {heap Before GC invocations=21 (full 0):
 garbage-first heap   total reserved 2097152K, committed 133120K, used 117989K [0x0000000080000000, 0x0000000100000000)
  region size 1024K, 38 young (38912K), 4 survivors (4096K)
}
Event: 9.765 {heap After GC invocations=22 (full 0):
 garbage-first heap   total reserved 2097152K, committed 159744K, used 86389K [0x0000000080000000, 0x0000000100000000)
  region size 1024K, 3 young (3072K), 3 survivors (3072K)
}
Event: 10.432 {heap Before GC invocations=23 (full 0):
 garbage-first heap   total reserved 2097152K, committed 159744K, used 136565K [0x0000000080000000, 0x0000000100000000)
  region size 1024K, 53 young (54272K), 3 survivors (3072K)
}
Event: 10.438 {heap After GC invocations=24 (full 0):
 garbage-first heap   total reserved 2097152K, committed 159744K, used 89522K [0x0000000080000000, 0x0000000100000000)
  region size 1024K, 7 young (7168K), 7 survivors (7168K)
}
Event: 11.033 {heap Before GC invocations=24 (full 0):
 garbage-first heap   total reserved 2097152K, committed 159744K, used 139698K [0x0000000080000000, 0x0000000100000000)
  region size 1024K, 56 young (57344K), 7 survivors (7168K)
}
Event: 11.039 {heap After GC invocations=25 (full 0):
 garbage-first heap   total reserved 2097152K, committed 159744K, used 90859K [0x0000000080000000, 0x0000000100000000)
  region size 1024K, 6 young (6144K), 6 survivors (6144K)
}
Event: 11.532 {heap Before GC invocations=25 (full 0):
 garbage-first heap   total reserved 2097152K, committed 159744K, used 142059K [0x0000000080000000, 0x0000000100000000)
  region size 1024K, 56 young (57344K), 6 survivors (6144K)
}
Event: 11.539 {heap After GC invocations=26 (full 0):
 garbage-first heap   total reserved 2097152K, committed 159744K, used 97108K [0x0000000080000000, 0x0000000100000000)
  region size 1024K, 7 young (7168K), 7 survivors (7168K)
}
Event: 11.655 {heap Before GC invocations=27 (full 0):
 garbage-first heap   total reserved 2097152K, committed 162816K, used 142164K [0x0000000080000000, 0x0000000100000000)
  region size 1024K, 52 young (53248K), 7 survivors (7168K)
}
Event: 11.667 {heap After GC invocations=28 (full 0):
 garbage-first heap   total reserved 2097152K, committed 167936K, used 114182K [0x0000000080000000, 0x0000000100000000)
  region size 1024K, 7 young (7168K), 7 survivors (7168K)
}
Event: 11.744 {heap Before GC invocations=28 (full 0):
 garbage-first heap   total reserved 2097152K, committed 167936K, used 148998K [0x0000000080000000, 0x0000000100000000)
  region size 1024K, 40 young (40960K), 7 survivors (7168K)
}
Event: 11.754 {heap After GC invocations=29 (full 0):
 garbage-first heap   total reserved 2097152K, committed 172032K, used 128118K [0x0000000080000000, 0x0000000100000000)
  region size 1024K, 5 young (5120K), 5 survivors (5120K)
}
Event: 11.974 {heap Before GC invocations=29 (full 0):
 garbage-first heap   total reserved 2097152K, committed 172032K, used 152694K [0x0000000080000000, 0x0000000100000000)
  region size 1024K, 29 young (29696K), 5 survivors (5120K)
}
Event: 11.980 {heap After GC invocations=30 (full 0):
 garbage-first heap   total reserved 2097152K, committed 172032K, used 135029K [0x0000000080000000, 0x0000000100000000)
  region size 1024K, 4 young (4096K), 4 survivors (4096K)
}

