# JRE version: Java(TM) SE Runtime Environment (25.0.1+8) (build 25.0.1+8-LTS-27)
# Java VM: Java HotSpot(TM) 64-Bit Server VM (25.0.1+8-LTS-27, mixed mode, sharing, tiered, compressed oops, compressed class ptrs, g1 gc, windows-amd64)
GC Precious Log:
 CardTable entry size: 512
 Card Set container configuration: InlinePtr #cards 5 size 8 Array Of Cards #cards 10 size 36 Howl #buckets 4 coarsen threshold 1843 Howl Bitmap #cards 512 size 80 coarsen threshold 460 Card regions per heap region 1 cards per card region 2048
 CPUs: 12 total, 12 available
 Memory: 15681M
 Large Page Support: Disabled
 NUMA Support: Disabled
 Compressed Oops: Enabled (32-bit)
 Heap Region Size: 1M
 Heap Min Capacity: 8M
 Heap Initial Capacity: 246M
 Heap Max Capacity: 2G
 Pre-touch: Disabled
 Parallel Workers: 10
 Concurrent Workers: 3
 Concurrent Refinement Workers: 10
 Periodic GC: Disabled
Heap:
 garbage-first heap   total reserved 2097152K, committed 233472K, used 129111K [0x0000000080000000, 0x0000000100000000)
  region size 1024K, 9 young (9216K), 6 survivors (6144K)
GC Heap Usage History (20 events):
Event: 10.039 {heap Before GC invocations=32 (full 0):
 garbage-first heap   total reserved 2097152K, committed 168960K, used 159201K [0x0000000080000000, 0x0000000100000000)
  region size 1024K, 58 young (59392K), 8 survivors (8192K)
}
Event: 10.048 {heap After GC invocations=33 (full 0):
 garbage-first heap   total reserved 2097152K, committed 174080K, used 104612K [0x0000000080000000, 0x0000000100000000)
  region size 1024K, 6 young (6144K), 6 survivors (6144K)
}
Event: 10.145 {heap Before GC invocations=33 (full 0):
 garbage-first heap   total reserved 2097152K, committed 174080K, used 115876K [0x0000000080000000, 0x0000000100000000)
  region size 1024K, 19 young (19456K), 6 survivors (6144K)
}
Event: 10.148 {heap After GC invocations=34 (full 0):
 garbage-first heap   total reserved 2097152K, committed 174080K, used 105236K [0x0000000080000000, 0x0000000100000000)
  region size 1024K, 2 young (2048K), 2 survivors (2048K)
}
Event: 10.519 {heap Before GC invocations=35 (full 0):
 garbage-first heap   total reserved 2097152K, committed 183296K, used 158484K [0x0000000080000000, 0x0000000100000000)
  region size 1024K, 51 young (52224K), 2 survivors (2048K)
}
Event: 10.533 {heap After GC invocations=36 (full 0):
 garbage-first heap   total reserved 2097152K, committed 190464K, used 133756K [0x0000000080000000, 0x0000000100000000)
  region size 1024K, 7 young (7168K), 7 survivors (7168K)
}
Event: 10.839 {heap Before GC invocations=36 (full 0):
 garbage-first heap   total reserved 2097152K, committed 190464K, used 165500K [0x0000000080000000, 0x0000000100000000)
  region size 1024K, 38 young (38912K), 7 survivors (7168K)
}
Event: 10.848 {heap After GC invocations=37 (full 0):
 garbage-first heap   total reserved 2097152K, committed 229376K, used 139611K [0x0000000080000000, 0x0000000100000000)
  region size 1024K, 5 young (5120K), 5 survivors (5120K)
}
Event: 11.184 {heap Before GC invocations=37 (full 0):
 garbage-first heap   total reserved 2097152K, committed 229376K, used 215387K [0x0000000080000000, 0x0000000100000000)
  region size 1024K, 53 young (54272K), 5 survivors (5120K)
}
Event: 11.194 {heap After GC invocations=38 (full 0):
 garbage-first heap   total reserved 2097152K, committed 233472K, used 151552K [0x0000000080000000, 0x0000000100000000)
  region size 1024K, 7 young (7168K), 7 survivors (7168K)
}
Event: 11.533 {heap Before GC invocations=38 (full 0):
 garbage-first heap   total reserved 2097152K, committed 233472K, used 198656K [0x0000000080000000, 0x0000000100000000)
  region size 1024K, 52 young (53248K), 7 survivors (7168K)
}
Event: 11.538 {heap After GC invocations=39 (full 0):
 garbage-first heap   total reserved 2097152K, committed 233472K, used 155385K [0x0000000080000000, 0x0000000100000000)
  region size 1024K, 5 young (5120K), 5 survivors (5120K)
}
Event: 11.921 {heap Before GC invocations=39 (full 0):
 garbage-first heap   total reserved 2097152K, committed 233472K, used 201465K [0x0000000080000000, 0x0000000100000000)
  region size 1024K, 51 young (52224K), 5 survivors (5120K)
}
Event: 11.926 {heap After GC invocations=40 (full 0):
 garbage-first heap   total reserved 2097152K, committed 233472K, used 158411K [0x0000000080000000, 0x0000000100000000)
  region size 1024K, 4 young (4096K), 4 survivors (4096K)
}
Event: 12.321 {heap Before GC invocations=40 (full 0):
 garbage-first heap   total reserved 2097152K, committed 233472K, used 205515K [0x0000000080000000, 0x0000000100000000)
  region size 1024K, 51 young (52224K), 4 survivors (4096K)
}
Event: 12.325 {heap After GC invocations=41 (full 0):
 garbage-first heap   total reserved 2097152K, committed 233472K, used 160987K [0x0000000080000000, 0x0000000100000000)
  region size 1024K, 7 young (7168K), 7 survivors (7168K)
}
Event: 12.700 {heap Before GC invocations=42 (full 0):
 garbage-first heap   total reserved 2097152K, committed 233472K, used 188635K [0x0000000080000000, 0x0000000100000000)
  region size 1024K, 54 young (55296K), 7 survivors (7168K)
}
Event: 12.706 {heap After GC invocations=43 (full 0):
 garbage-first heap   total reserved 2097152K, committed 233472K, used 142416K [0x0000000080000000, 0x0000000100000000)
  region size 1024K, 7 young (7168K), 7 survivors (7168K)
}
Event: 17.599 {heap Before GC invocations=43 (full 0):
 garbage-first heap   total reserved 2097152K, committed 233472K, used 203856K [0x0000000080000000, 0x0000000100000000)
  region size 1024K, 66 young (67584K), 7 survivors (7168K)
}
Event: 17.607 {heap After GC invocations=44 (full 0):
 garbage-first heap   total reserved 2097152K, committed 233472K, used 127063K [0x0000000080000000, 0x0000000100000000)
  region size 1024K, 6 young (6144K), 6 survivors (6144K)
}

