# JRE version: OpenJDK Runtime Environment (21.0.8) (build 21.0.8+-14196175-b1038.72)
# Java VM: OpenJDK 64-Bit Server VM (21.0.8+-14196175-b1038.72, mixed mode, tiered, compressed oops, compressed class ptrs, g1 gc, windows-amd64)
GC Precious Log:
 CardTable entry size: 512
 Card Set container configuration: InlinePtr #cards 5 size 8 Array Of Cards #cards 12 size 40 Howl #buckets 4 coarsen threshold 1843 Howl Bitmap #cards 512 size 80 coarsen threshold 460 Card regions per heap region 1 cards per card region 2048
 CPUs: 12 total, 12 available
 Memory: 15681M
 Large Page Support: Disabled
 NUMA Support: Disabled
 Compressed Oops: Enabled (32-bit)
 Heap Region Size: 1M
 Heap Min Capacity: 8M
 Heap Initial Capacity: 246M
 Heap Max Capacity: 2G
 Pre-touch: Disabled
 Parallel Workers: 10
 Concurrent Workers: 3
 Concurrent Refinement Workers: 10
 Periodic GC: Disabled
Heap:
 garbage-first heap   total 68608K, used 33213K [0x0000000080000000, 0x0000000100000000)
  region size 1024K, 10 young (10240K), 4 survivors (4096K)
 Metaspace       used 45495K, committed 46784K, reserved 1114112K
  class space    used 6358K, committed 6976K, reserved 1048576K
GC Heap History (18 events):
Event: 0.453 GC heap before
{Heap before GC invocations=0 (full 0):
 garbage-first heap   total 251904K, used 22528K [0x0000000080000000, 0x0000000100000000)
  region size 1024K, 23 young (23552K), 0 survivors (0K)
 Metaspace       used 8064K, committed 8256K, reserved 1114112K
  class space    used 746K, committed 832K, reserved 1048576K
}
Event: 0.456 GC heap after
{Heap after GC invocations=1 (full 0):
 garbage-first heap   total 251904K, used 1920K [0x0000000080000000, 0x0000000100000000)
  region size 1024K, 2 young (2048K), 2 survivors (2048K)
 Metaspace       used 8064K, committed 8256K, reserved 1114112K
  class space    used 746K, committed 832K, reserved 1048576K
}
Event: 0.937 GC heap before
{Heap before GC invocations=1 (full 0):
 garbage-first heap   total 251904K, used 40832K [0x0000000080000000, 0x0000000100000000)
  region size 1024K, 38 young (38912K), 2 survivors (2048K)
 Metaspace       used 12460K, committed 12672K, reserved 1114112K
  class space    used 1373K, committed 1472K, reserved 1048576K
}
Event: 0.941 GC heap after
{Heap after GC invocations=2 (full 0):
 garbage-first heap   total 251904K, used 10369K [0x0000000080000000, 0x0000000100000000)
  region size 1024K, 5 young (5120K), 5 survivors (5120K)
 Metaspace       used 12460K, committed 12672K, reserved 1114112K
  class space    used 1373K, committed 1472K, reserved 1048576K
}
Event: 1.644 GC heap before
{Heap before GC invocations=2 (full 0):
 garbage-first heap   total 251904K, used 66689K [0x0000000080000000, 0x0000000100000000)
  region size 1024K, 59 young (60416K), 5 survivors (5120K)
 Metaspace       used 16273K, committed 16512K, reserved 1114112K
  class space    used 1884K, committed 1984K, reserved 1048576K
}
Event: 1.653 GC heap after
{Heap after GC invocations=3 (full 0):
 garbage-first heap   total 251904K, used 17782K [0x0000000080000000, 0x0000000100000000)
  region size 1024K, 6 young (6144K), 6 survivors (6144K)
 Metaspace       used 16273K, committed 16512K, reserved 1114112K
  class space    used 1884K, committed 1984K, reserved 1048576K
}
Event: 2.122 GC heap before
{Heap before GC invocations=3 (full 0):
 garbage-first heap   total 251904K, used 38262K [0x0000000080000000, 0x0000000100000000)
  region size 1024K, 27 young (27648K), 6 survivors (6144K)
 Metaspace       used 21240K, committed 21504K, reserved 1114112K
  class space    used 2533K, committed 2624K, reserved 1048576K
}
Event: 2.126 GC heap after
{Heap after GC invocations=4 (full 0):
 garbage-first heap   total 251904K, used 19830K [0x0000000080000000, 0x0000000100000000)
  region size 1024K, 8 young (8192K), 8 survivors (8192K)
 Metaspace       used 21240K, committed 21504K, reserved 1114112K
  class space    used 2533K, committed 2624K, reserved 1048576K
}
Event: 2.686 GC heap before
{Heap before GC invocations=5 (full 0):
 garbage-first heap   total 68608K, used 51574K [0x0000000080000000, 0x0000000100000000)
  region size 1024K, 40 young (40960K), 8 survivors (8192K)
 Metaspace       used 26982K, committed 27520K, reserved 1114112K
  class space    used 3415K, committed 3648K, reserved 1048576K
}
Event: 2.693 GC heap after
{Heap after GC invocations=6 (full 0):
 garbage-first heap   total 68608K, used 22092K [0x0000000080000000, 0x0000000100000000)
  region size 1024K, 4 young (4096K), 4 survivors (4096K)
 Metaspace       used 26982K, committed 27520K, reserved 1114112K
  class space    used 3415K, committed 3648K, reserved 1048576K
}
Event: 3.311 GC heap before
{Heap before GC invocations=6 (full 0):
 garbage-first heap   total 68608K, used 55884K [0x0000000080000000, 0x0000000100000000)
  region size 1024K, 36 young (36864K), 4 survivors (4096K)
 Metaspace       used 32119K, committed 32704K, reserved 1114112K
  class space    used 4173K, committed 4416K, reserved 1048576K
}
Event: 3.315 GC heap after
{Heap after GC invocations=7 (full 0):
 garbage-first heap   total 68608K, used 23824K [0x0000000080000000, 0x0000000100000000)
  region size 1024K, 4 young (4096K), 4 survivors (4096K)
 Metaspace       used 32119K, committed 32704K, reserved 1114112K
  class space    used 4173K, committed 4416K, reserved 1048576K
}
Event: 3.910 GC heap before
{Heap before GC invocations=7 (full 0):
 garbage-first heap   total 68608K, used 47376K [0x0000000080000000, 0x0000000100000000)
  region size 1024K, 29 young (29696K), 4 survivors (4096K)
 Metaspace       used 35397K, committed 36096K, reserved 1114112K
  class space    used 4717K, committed 5056K, reserved 1048576K
}
Event: 3.916 GC heap after
{Heap after GC invocations=8 (full 0):
 garbage-first heap   total 68608K, used 25407K [0x0000000080000000, 0x0000000100000000)
  region size 1024K, 4 young (4096K), 4 survivors (4096K)
 Metaspace       used 35397K, committed 36096K, reserved 1114112K
  class space    used 4717K, committed 5056K, reserved 1048576K
}
Event: 4.583 GC heap before
{Heap before GC invocations=9 (full 0):
 garbage-first heap   total 68608K, used 58175K [0x0000000080000000, 0x0000000100000000)
  region size 1024K, 36 young (36864K), 4 survivors (4096K)
 Metaspace       used 39943K, committed 41024K, reserved 1114112K
  class space    used 5504K, committed 6016K, reserved 1048576K
}
Event: 4.588 GC heap after
{Heap after GC invocations=10 (full 0):
 garbage-first heap   total 68608K, used 27446K [0x0000000080000000, 0x0000000100000000)
  region size 1024K, 4 young (4096K), 4 survivors (4096K)
 Metaspace       used 39943K, committed 41024K, reserved 1114112K
  class space    used 5504K, committed 6016K, reserved 1048576K
}
Event: 5.146 GC heap before
{Heap before GC invocations=10 (full 0):
 garbage-first heap   total 68608K, used 59190K [0x0000000080000000, 0x0000000100000000)
  region size 1024K, 35 young (35840K), 4 survivors (4096K)
 Metaspace       used 44310K, committed 45504K, reserved 1114112K
  class space    used 6257K, committed 6848K, reserved 1048576K
}
Event: 5.151 GC heap after
{Heap after GC invocations=11 (full 0):
 garbage-first heap   total 68608K, used 29117K [0x0000000080000000, 0x0000000100000000)
  region size 1024K, 4 young (4096K), 4 survivors (4096K)
 Metaspace       used 44310K, committed 45504K, reserved 1114112K
  class space    used 6257K, committed 6848K, reserved 1048576K
}

