# JRE version: Java(TM) SE Runtime Environment (25.0.1+8) (build 25.0.1+8-LTS-27)
# Java VM: Java HotSpot(TM) 64-Bit Server VM (25.0.1+8-LTS-27, mixed mode, sharing, tiered, compressed oops, compressed class ptrs, g1 gc, windows-amd64)
GC Precious Log:
 CardTable entry size: 512
 Card Set container configuration: InlinePtr #cards 5 size 8 Array Of Cards #cards 10 size 36 Howl #buckets 4 coarsen threshold 1843 Howl Bitmap #cards 512 size 80 coarsen threshold 460 Card regions per heap region 1 cards per card region 2048
 CPUs: 12 total, 12 available
 Memory: 15681M
 Large Page Support: Disabled
 NUMA Support: Disabled
 Compressed Oops: Enabled (32-bit)
 Heap Region Size: 1M
 Heap Min Capacity: 8M
 Heap Initial Capacity: 246M
 Heap Max Capacity: 2G
 Pre-touch: Disabled
 Parallel Workers: 10
 Concurrent Workers: 3
 Concurrent Refinement Workers: 10
 Periodic GC: Disabled
Heap:
 garbage-first heap   total reserved 2097152K, committed 344064K, used 224998K [0x0000000080000000, 0x0000000100000000)
  region size 1024K, 87 young (89088K), 16 survivors (16384K)
GC Heap Usage History (20 events):
Event: 14.692 {heap Before GC invocations=35 (full 0):
 garbage-first heap   total reserved 2097152K, committed 201728K, used 187883K [0x0000000080000000, 0x0000000100000000)
  region size 1024K, 73 young (74752K), 2 survivors (2048K)
}
Event: 14.710 {heap After GC invocations=36 (full 0):
 garbage-first heap   total reserved 2097152K, committed 220160K, used 135961K [0x0000000080000000, 0x0000000100000000)
  region size 1024K, 10 young (10240K), 10 survivors (10240K)
}
Event: 15.326 {heap Before GC invocations=36 (full 0):
 garbage-first heap   total reserved 2097152K, committed 220160K, used 182041K [0x0000000080000000, 0x0000000100000000)
  region size 1024K, 55 young (56320K), 10 survivors (10240K)
}
Event: 15.339 {heap After GC invocations=37 (full 0):
 garbage-first heap   total reserved 2097152K, committed 220160K, used 145920K [0x0000000080000000, 0x0000000100000000)
  region size 1024K, 7 young (7168K), 7 survivors (7168K)
}
Event: 15.359 {heap Before GC invocations=37 (full 0):
 garbage-first heap   total reserved 2097152K, committed 220160K, used 146944K [0x0000000080000000, 0x0000000100000000)
  region size 1024K, 10 young (10240K), 7 survivors (7168K)
}
Event: 15.364 {heap After GC invocations=38 (full 0):
 garbage-first heap   total reserved 2097152K, committed 220160K, used 149964K [0x0000000080000000, 0x0000000100000000)
  region size 1024K, 3 young (3072K), 3 survivors (3072K)
}
Event: 16.723 {heap Before GC invocations=39 (full 0):
 garbage-first heap   total reserved 2097152K, committed 286720K, used 203212K [0x0000000080000000, 0x0000000100000000)
  region size 1024K, 29 young (29696K), 3 survivors (3072K)
}
Event: 16.726 {heap After GC invocations=40 (full 0):
 garbage-first heap   total reserved 2097152K, committed 286720K, used 151242K [0x0000000080000000, 0x0000000100000000)
  region size 1024K, 3 young (3072K), 3 survivors (3072K)
}
Event: 17.160 {heap Before GC invocations=40 (full 0):
 garbage-first heap   total reserved 2097152K, committed 286720K, used 213706K [0x0000000080000000, 0x0000000100000000)
  region size 1024K, 65 young (66560K), 3 survivors (3072K)
}
Event: 17.168 {heap After GC invocations=41 (full 0):
 garbage-first heap   total reserved 2097152K, committed 286720K, used 151674K [0x0000000080000000, 0x0000000100000000)
  region size 1024K, 8 young (8192K), 8 survivors (8192K)
}
Event: 17.537 {heap Before GC invocations=41 (full 0):
 garbage-first heap   total reserved 2097152K, committed 286720K, used 220282K [0x0000000080000000, 0x0000000100000000)
  region size 1024K, 76 young (77824K), 8 survivors (8192K)
}
Event: 17.543 {heap After GC invocations=42 (full 0):
 garbage-first heap   total reserved 2097152K, committed 286720K, used 153865K [0x0000000080000000, 0x0000000100000000)
  region size 1024K, 8 young (8192K), 8 survivors (8192K)
}
Event: 18.152 {heap Before GC invocations=43 (full 0):
 garbage-first heap   total reserved 2097152K, committed 286720K, used 227593K [0x0000000080000000, 0x0000000100000000)
  region size 1024K, 81 young (82944K), 8 survivors (8192K)
}
Event: 18.161 {heap After GC invocations=44 (full 0):
 garbage-first heap   total reserved 2097152K, committed 286720K, used 158643K [0x0000000080000000, 0x0000000100000000)
  region size 1024K, 10 young (10240K), 10 survivors (10240K)
}
Event: 18.638 {heap Before GC invocations=44 (full 0):
 garbage-first heap   total reserved 2097152K, committed 286720K, used 234419K [0x0000000080000000, 0x0000000100000000)
  region size 1024K, 85 young (87040K), 10 survivors (10240K)
}
Event: 18.649 {heap After GC invocations=45 (full 0):
 garbage-first heap   total reserved 2097152K, committed 286720K, used 154508K [0x0000000080000000, 0x0000000100000000)
  region size 1024K, 6 young (6144K), 6 survivors (6144K)
}
Event: 18.696 {heap Before GC invocations=45 (full 0):
 garbage-first heap   total reserved 2097152K, committed 286720K, used 157580K [0x0000000080000000, 0x0000000100000000)
  region size 1024K, 10 young (10240K), 6 survivors (6144K)
}
Event: 18.700 {heap After GC invocations=46 (full 0):
 garbage-first heap   total reserved 2097152K, committed 344064K, used 154422K [0x0000000080000000, 0x0000000100000000)
  region size 1024K, 6 young (6144K), 6 survivors (6144K)
}
Event: 20.157 {heap Before GC invocations=47 (full 0):
 garbage-first heap   total reserved 2097152K, committed 344064K, used 273206K [0x0000000080000000, 0x0000000100000000)
  region size 1024K, 131 young (134144K), 6 survivors (6144K)
}
Event: 20.173 {heap After GC invocations=48 (full 0):
 garbage-first heap   total reserved 2097152K, committed 344064K, used 154342K [0x0000000080000000, 0x0000000100000000)
  region size 1024K, 16 young (16384K), 16 survivors (16384K)
}

